[__main__]: [INFO]: => Creating model 'resnet18'
[__main__]: [INFO]: Number of model parameters: 11201664
[src.eval]: [INFO]: => Runnning full evaluation with method: BDCSPN
[src.eval]: [INFO]:  ==> Features loaded from checkpoints/mini/softmax/resnet18/best/test/output_mean.plk
[src.methods.bdcspn]: [INFO]:  ==> Executing proto-rectification ...
[src.methods.bdcspn]: [INFO]:  ==> Executing predictions on 20 shot tasks ...
[src.methods.bdcspn]: [INFO]:  ==> Executing proto-rectification ...
[src.methods.bdcspn]: [INFO]:  ==> Executing predictions on 20 shot tasks ...
[src.methods.bdcspn]: [INFO]:  ==> Executing proto-rectification ...
[src.methods.bdcspn]: [INFO]:  ==> Executing predictions on 20 shot tasks ...
[src.methods.bdcspn]: [INFO]:  ==> Executing proto-rectification ...
[src.methods.bdcspn]: [INFO]:  ==> Executing predictions on 20 shot tasks ...
[src.methods.bdcspn]: [INFO]:  ==> Executing proto-rectification ...
[src.methods.bdcspn]: [INFO]:  ==> Executing predictions on 20 shot tasks ...
[src.methods.bdcspn]: [INFO]:  ==> Executing proto-rectification ...
[src.methods.bdcspn]: [INFO]:  ==> Executing predictions on 20 shot tasks ...
[src.methods.bdcspn]: [INFO]:  ==> Executing proto-rectification ...
[src.methods.bdcspn]: [INFO]:  ==> Executing predictions on 20 shot tasks ...
[src.methods.bdcspn]: [INFO]:  ==> Executing proto-rectification ...
[src.methods.bdcspn]: [INFO]:  ==> Executing predictions on 20 shot tasks ...
[src.methods.bdcspn]: [INFO]:  ==> Executing proto-rectification ...
[src.methods.bdcspn]: [INFO]:  ==> Executing predictions on 20 shot tasks ...
[src.methods.bdcspn]: [INFO]:  ==> Executing proto-rectification ...
[src.methods.bdcspn]: [INFO]:  ==> Executing predictions on 20 shot tasks ...
[src.eval]: [INFO]: ----- Final test results -----
[src.eval]: [INFO]: 20-shot mean test accuracy over 10000 tasks: 0.84032142162323
[src.eval]: [INFO]: 20-shot mean hungarian accuracy over 10000 tasks: 0.8417026666666667
