[__main__]: [INFO]: => Creating model 'resnet18'
[__main__]: [INFO]: Number of model parameters: 11201664
[src.eval]: [INFO]: => Runnning full evaluation with method: BDCSPN
[src.eval]: [INFO]:  ==> Features loaded from checkpoints/mini/softmax/resnet18/best/test/output_mean.plk
[src.methods.bdcspn]: [INFO]:  ==> Executing proto-rectification ...
[src.methods.bdcspn]: [INFO]:  ==> Executing predictions on 1 shot tasks ...
[src.methods.bdcspn]: [INFO]:  ==> Executing proto-rectification ...
[src.methods.bdcspn]: [INFO]:  ==> Executing predictions on 1 shot tasks ...
[src.methods.bdcspn]: [INFO]:  ==> Executing proto-rectification ...
[src.methods.bdcspn]: [INFO]:  ==> Executing predictions on 1 shot tasks ...
[src.methods.bdcspn]: [INFO]:  ==> Executing proto-rectification ...
[src.methods.bdcspn]: [INFO]:  ==> Executing predictions on 1 shot tasks ...
[src.methods.bdcspn]: [INFO]:  ==> Executing proto-rectification ...
[src.methods.bdcspn]: [INFO]:  ==> Executing predictions on 1 shot tasks ...
[src.methods.bdcspn]: [INFO]:  ==> Executing proto-rectification ...
[src.methods.bdcspn]: [INFO]:  ==> Executing predictions on 1 shot tasks ...
[src.methods.bdcspn]: [INFO]:  ==> Executing proto-rectification ...
[src.methods.bdcspn]: [INFO]:  ==> Executing predictions on 1 shot tasks ...
[src.methods.bdcspn]: [INFO]:  ==> Executing proto-rectification ...
[src.methods.bdcspn]: [INFO]:  ==> Executing predictions on 1 shot tasks ...
[src.methods.bdcspn]: [INFO]:  ==> Executing proto-rectification ...
[src.methods.bdcspn]: [INFO]:  ==> Executing predictions on 1 shot tasks ...
[src.methods.bdcspn]: [INFO]:  ==> Executing proto-rectification ...
[src.methods.bdcspn]: [INFO]:  ==> Executing predictions on 1 shot tasks ...
[src.methods.bdcspn]: [INFO]:  ==> Executing proto-rectification ...
[src.methods.bdcspn]: [INFO]:  ==> Executing predictions on 5 shot tasks ...
[src.methods.bdcspn]: [INFO]:  ==> Executing proto-rectification ...
[src.methods.bdcspn]: [INFO]:  ==> Executing predictions on 5 shot tasks ...
[src.methods.bdcspn]: [INFO]:  ==> Executing proto-rectification ...
[src.methods.bdcspn]: [INFO]:  ==> Executing predictions on 5 shot tasks ...
[src.methods.bdcspn]: [INFO]:  ==> Executing proto-rectification ...
[src.methods.bdcspn]: [INFO]:  ==> Executing predictions on 5 shot tasks ...
[src.methods.bdcspn]: [INFO]:  ==> Executing proto-rectification ...
[src.methods.bdcspn]: [INFO]:  ==> Executing predictions on 5 shot tasks ...
[src.methods.bdcspn]: [INFO]:  ==> Executing proto-rectification ...
[src.methods.bdcspn]: [INFO]:  ==> Executing predictions on 5 shot tasks ...
[src.methods.bdcspn]: [INFO]:  ==> Executing proto-rectification ...
[src.methods.bdcspn]: [INFO]:  ==> Executing predictions on 5 shot tasks ...
[src.methods.bdcspn]: [INFO]:  ==> Executing proto-rectification ...
[src.methods.bdcspn]: [INFO]:  ==> Executing predictions on 5 shot tasks ...
[src.methods.bdcspn]: [INFO]:  ==> Executing proto-rectification ...
[src.methods.bdcspn]: [INFO]:  ==> Executing predictions on 5 shot tasks ...
[src.methods.bdcspn]: [INFO]:  ==> Executing proto-rectification ...
[src.methods.bdcspn]: [INFO]:  ==> Executing predictions on 5 shot tasks ...
[src.methods.bdcspn]: [INFO]:  ==> Executing proto-rectification ...
[src.methods.bdcspn]: [INFO]:  ==> Executing predictions on 10 shot tasks ...
[src.methods.bdcspn]: [INFO]:  ==> Executing proto-rectification ...
[src.methods.bdcspn]: [INFO]:  ==> Executing predictions on 10 shot tasks ...
[src.methods.bdcspn]: [INFO]:  ==> Executing proto-rectification ...
[src.methods.bdcspn]: [INFO]:  ==> Executing predictions on 10 shot tasks ...
[src.methods.bdcspn]: [INFO]:  ==> Executing proto-rectification ...
[src.methods.bdcspn]: [INFO]:  ==> Executing predictions on 10 shot tasks ...
[src.methods.bdcspn]: [INFO]:  ==> Executing proto-rectification ...
[src.methods.bdcspn]: [INFO]:  ==> Executing predictions on 10 shot tasks ...
[src.methods.bdcspn]: [INFO]:  ==> Executing proto-rectification ...
[src.methods.bdcspn]: [INFO]:  ==> Executing predictions on 10 shot tasks ...
[src.methods.bdcspn]: [INFO]:  ==> Executing proto-rectification ...
[src.methods.bdcspn]: [INFO]:  ==> Executing predictions on 10 shot tasks ...
[src.methods.bdcspn]: [INFO]:  ==> Executing proto-rectification ...
[src.methods.bdcspn]: [INFO]:  ==> Executing predictions on 10 shot tasks ...
[src.methods.bdcspn]: [INFO]:  ==> Executing proto-rectification ...
[src.methods.bdcspn]: [INFO]:  ==> Executing predictions on 10 shot tasks ...
[src.methods.bdcspn]: [INFO]:  ==> Executing proto-rectification ...
[src.methods.bdcspn]: [INFO]:  ==> Executing predictions on 10 shot tasks ...
[src.eval]: [INFO]: ----- Final test results -----
[src.eval]: [INFO]: 1-shot mean test accuracy over 10000 tasks: 0.6500200033187866
[src.eval]: [INFO]: 1-shot mean hungarian accuracy over 10000 tasks: 0.6839533333333333
[src.eval]: [INFO]: 5-shot mean test accuracy over 10000 tasks: 0.7884014248847961
[src.eval]: [INFO]: 5-shot mean hungarian accuracy over 10000 tasks: 0.7926053333333334
[src.eval]: [INFO]: 10-shot mean test accuracy over 10000 tasks: 0.821526825428009
[src.eval]: [INFO]: 10-shot mean hungarian accuracy over 10000 tasks: 0.8236293333333332
