[__main__]: [INFO]: => Creating model 'resnet18'
[__main__]: [INFO]: Number of model parameters: 11201664
[src.eval]: [INFO]: => Runnning full evaluation with method: LaplacianShot
[src.eval]: [INFO]:  ==> Features loaded from checkpoints/mini/softmax/resnet18/best/test/output_mean.plk
[src.methods.laplacianshot]: [INFO]:  ==> Executing 1-shot predictions with lmd = 0.7 ...
[src.methods.laplacianshot]: [INFO]:  ==> Executing 1-shot predictions with lmd = 0.7 ...
[src.methods.laplacianshot]: [INFO]:  ==> Executing 1-shot predictions with lmd = 0.7 ...
[src.methods.laplacianshot]: [INFO]:  ==> Executing 1-shot predictions with lmd = 0.7 ...
[src.methods.laplacianshot]: [INFO]:  ==> Executing 1-shot predictions with lmd = 0.7 ...
[src.methods.laplacianshot]: [INFO]:  ==> Executing 1-shot predictions with lmd = 0.7 ...
[src.methods.laplacianshot]: [INFO]:  ==> Executing 1-shot predictions with lmd = 0.7 ...
[src.methods.laplacianshot]: [INFO]:  ==> Executing 1-shot predictions with lmd = 0.7 ...
[src.methods.laplacianshot]: [INFO]:  ==> Executing 1-shot predictions with lmd = 0.7 ...
[src.methods.laplacianshot]: [INFO]:  ==> Executing 1-shot predictions with lmd = 0.7 ...
[src.methods.laplacianshot]: [INFO]:  ==> Executing 5-shot predictions with lmd = 0.7 ...
[src.methods.laplacianshot]: [INFO]:  ==> Executing 5-shot predictions with lmd = 0.7 ...
[src.methods.laplacianshot]: [INFO]:  ==> Executing 5-shot predictions with lmd = 0.7 ...
[src.methods.laplacianshot]: [INFO]:  ==> Executing 5-shot predictions with lmd = 0.7 ...
[src.methods.laplacianshot]: [INFO]:  ==> Executing 5-shot predictions with lmd = 0.7 ...
[src.methods.laplacianshot]: [INFO]:  ==> Executing 5-shot predictions with lmd = 0.7 ...
[src.methods.laplacianshot]: [INFO]:  ==> Executing 5-shot predictions with lmd = 0.7 ...
[src.methods.laplacianshot]: [INFO]:  ==> Executing 5-shot predictions with lmd = 0.7 ...
[src.methods.laplacianshot]: [INFO]:  ==> Executing 5-shot predictions with lmd = 0.7 ...
[src.methods.laplacianshot]: [INFO]:  ==> Executing 5-shot predictions with lmd = 0.7 ...
[src.methods.laplacianshot]: [INFO]:  ==> Executing 10-shot predictions with lmd = 0.7 ...
[src.methods.laplacianshot]: [INFO]:  ==> Executing 10-shot predictions with lmd = 0.7 ...
[src.methods.laplacianshot]: [INFO]:  ==> Executing 10-shot predictions with lmd = 0.7 ...
[src.methods.laplacianshot]: [INFO]:  ==> Executing 10-shot predictions with lmd = 0.7 ...
[src.methods.laplacianshot]: [INFO]:  ==> Executing 10-shot predictions with lmd = 0.7 ...
[src.methods.laplacianshot]: [INFO]:  ==> Executing 10-shot predictions with lmd = 0.7 ...
[src.methods.laplacianshot]: [INFO]:  ==> Executing 10-shot predictions with lmd = 0.7 ...
[src.methods.laplacianshot]: [INFO]:  ==> Executing 10-shot predictions with lmd = 0.7 ...
[src.methods.laplacianshot]: [INFO]:  ==> Executing 10-shot predictions with lmd = 0.7 ...
[src.methods.laplacianshot]: [INFO]:  ==> Executing 10-shot predictions with lmd = 0.7 ...
[src.methods.laplacianshot]: [INFO]:  ==> Executing 20-shot predictions with lmd = 0.7 ...
[src.methods.laplacianshot]: [INFO]:  ==> Executing 20-shot predictions with lmd = 0.7 ...
[src.methods.laplacianshot]: [INFO]:  ==> Executing 20-shot predictions with lmd = 0.7 ...
[src.methods.laplacianshot]: [INFO]:  ==> Executing 20-shot predictions with lmd = 0.7 ...
[src.methods.laplacianshot]: [INFO]:  ==> Executing 20-shot predictions with lmd = 0.7 ...
[src.methods.laplacianshot]: [INFO]:  ==> Executing 20-shot predictions with lmd = 0.7 ...
[src.methods.laplacianshot]: [INFO]:  ==> Executing 20-shot predictions with lmd = 0.7 ...
[src.methods.laplacianshot]: [INFO]:  ==> Executing 20-shot predictions with lmd = 0.7 ...
[src.methods.laplacianshot]: [INFO]:  ==> Executing 20-shot predictions with lmd = 0.7 ...
[src.methods.laplacianshot]: [INFO]:  ==> Executing 20-shot predictions with lmd = 0.7 ...
[src.eval]: [INFO]: ----- Final test results -----
[src.eval]: [INFO]: 1-shot mean test accuracy over 10000 tasks: 0.8778799772262573
[src.eval]: [INFO]: 1-shot mean hungarian accuracy over 10000 tasks: 0.8951343297958374
[src.eval]: [INFO]: 5-shot mean test accuracy over 10000 tasks: 0.9471628069877625
[src.eval]: [INFO]: 5-shot mean hungarian accuracy over 10000 tasks: 0.9476456642150879
[src.eval]: [INFO]: 10-shot mean test accuracy over 10000 tasks: 0.9572957158088684
[src.eval]: [INFO]: 10-shot mean hungarian accuracy over 10000 tasks: 0.9573413729667664
[src.eval]: [INFO]: 20-shot mean test accuracy over 10000 tasks: 0.9601241946220398
[src.eval]: [INFO]: 20-shot mean hungarian accuracy over 10000 tasks: 0.960152804851532
