[__main__]: [INFO]: => Creating model 'resnet18'
[__main__]: [INFO]: Number of model parameters: 11201664
[src.eval]: [INFO]: => Runnning full evaluation with method: Baseline
[src.eval]: [INFO]:  ==> Features loaded from checkpoints/mini/softmax/resnet18/best/test/output_mean.plk
[src.methods.baseline]: [INFO]:  ==> Executing Baseline adaptation over 100 iterations on 1 shot tasks...
[src.methods.baseline]: [INFO]:  ==> Executing Baseline adaptation over 100 iterations on 1 shot tasks...
[src.methods.baseline]: [INFO]:  ==> Executing Baseline adaptation over 100 iterations on 1 shot tasks...
[src.methods.baseline]: [INFO]:  ==> Executing Baseline adaptation over 100 iterations on 1 shot tasks...
[src.methods.baseline]: [INFO]:  ==> Executing Baseline adaptation over 100 iterations on 1 shot tasks...
[src.methods.baseline]: [INFO]:  ==> Executing Baseline adaptation over 100 iterations on 1 shot tasks...
[src.methods.baseline]: [INFO]:  ==> Executing Baseline adaptation over 100 iterations on 1 shot tasks...
[src.methods.baseline]: [INFO]:  ==> Executing Baseline adaptation over 100 iterations on 1 shot tasks...
[src.methods.baseline]: [INFO]:  ==> Executing Baseline adaptation over 100 iterations on 1 shot tasks...
[src.methods.baseline]: [INFO]:  ==> Executing Baseline adaptation over 100 iterations on 1 shot tasks...
[src.methods.baseline]: [INFO]:  ==> Executing Baseline adaptation over 100 iterations on 5 shot tasks...
[src.methods.baseline]: [INFO]:  ==> Executing Baseline adaptation over 100 iterations on 5 shot tasks...
[src.methods.baseline]: [INFO]:  ==> Executing Baseline adaptation over 100 iterations on 5 shot tasks...
[src.methods.baseline]: [INFO]:  ==> Executing Baseline adaptation over 100 iterations on 5 shot tasks...
[src.methods.baseline]: [INFO]:  ==> Executing Baseline adaptation over 100 iterations on 5 shot tasks...
[src.methods.baseline]: [INFO]:  ==> Executing Baseline adaptation over 100 iterations on 5 shot tasks...
[src.methods.baseline]: [INFO]:  ==> Executing Baseline adaptation over 100 iterations on 5 shot tasks...
[src.methods.baseline]: [INFO]:  ==> Executing Baseline adaptation over 100 iterations on 5 shot tasks...
[src.methods.baseline]: [INFO]:  ==> Executing Baseline adaptation over 100 iterations on 5 shot tasks...
[src.methods.baseline]: [INFO]:  ==> Executing Baseline adaptation over 100 iterations on 5 shot tasks...
[src.methods.baseline]: [INFO]:  ==> Executing Baseline adaptation over 100 iterations on 10 shot tasks...
[src.methods.baseline]: [INFO]:  ==> Executing Baseline adaptation over 100 iterations on 10 shot tasks...
[src.methods.baseline]: [INFO]:  ==> Executing Baseline adaptation over 100 iterations on 10 shot tasks...
[src.methods.baseline]: [INFO]:  ==> Executing Baseline adaptation over 100 iterations on 10 shot tasks...
[src.methods.baseline]: [INFO]:  ==> Executing Baseline adaptation over 100 iterations on 10 shot tasks...
[src.methods.baseline]: [INFO]:  ==> Executing Baseline adaptation over 100 iterations on 10 shot tasks...
[src.methods.baseline]: [INFO]:  ==> Executing Baseline adaptation over 100 iterations on 10 shot tasks...
[src.methods.baseline]: [INFO]:  ==> Executing Baseline adaptation over 100 iterations on 10 shot tasks...
[src.methods.baseline]: [INFO]:  ==> Executing Baseline adaptation over 100 iterations on 10 shot tasks...
[src.methods.baseline]: [INFO]:  ==> Executing Baseline adaptation over 100 iterations on 10 shot tasks...
[src.eval]: [INFO]: ----- Final test results -----
[src.eval]: [INFO]: 1-shot mean test accuracy over 10000 tasks: 0.5625292658805847
[src.eval]: [INFO]: 1-shot mean hungarian accuracy over 10000 tasks: 0.6707666666666666
[src.eval]: [INFO]: 5-shot mean test accuracy over 10000 tasks: 0.7882373929023743
[src.eval]: [INFO]: 5-shot mean hungarian accuracy over 10000 tasks: 0.8078416266666666
[src.eval]: [INFO]: 10-shot mean test accuracy over 10000 tasks: 0.8329321146011353
[src.eval]: [INFO]: 10-shot mean hungarian accuracy over 10000 tasks: 0.8470825066666668
