[__main__]: [INFO]: => Creating model 'resnet18'
[__main__]: [INFO]: Number of model parameters: 11201664
[src.eval]: [INFO]: => Runnning full evaluation with method: LaplacianShot
[src.eval]: [INFO]:  ==> Features loaded from checkpoints/mini/softmax/resnet18/best/test/output_mean.plk
[src.methods.laplacianshot]: [INFO]:  ==> Executing 1-shot predictions with lmd = 0.7 ...
[src.methods.laplacianshot]: [INFO]:  ==> Executing 1-shot predictions with lmd = 0.7 ...
[src.methods.laplacianshot]: [INFO]:  ==> Executing 1-shot predictions with lmd = 0.7 ...
[src.methods.laplacianshot]: [INFO]:  ==> Executing 1-shot predictions with lmd = 0.7 ...
[src.methods.laplacianshot]: [INFO]:  ==> Executing 1-shot predictions with lmd = 0.7 ...
[src.methods.laplacianshot]: [INFO]:  ==> Executing 1-shot predictions with lmd = 0.7 ...
[src.methods.laplacianshot]: [INFO]:  ==> Executing 1-shot predictions with lmd = 0.7 ...
[src.methods.laplacianshot]: [INFO]:  ==> Executing 1-shot predictions with lmd = 0.7 ...
[src.methods.laplacianshot]: [INFO]:  ==> Executing 1-shot predictions with lmd = 0.7 ...
[src.methods.laplacianshot]: [INFO]:  ==> Executing 1-shot predictions with lmd = 0.7 ...
[src.methods.laplacianshot]: [INFO]:  ==> Executing 5-shot predictions with lmd = 0.7 ...
[src.methods.laplacianshot]: [INFO]:  ==> Executing 5-shot predictions with lmd = 0.7 ...
[src.methods.laplacianshot]: [INFO]:  ==> Executing 5-shot predictions with lmd = 0.7 ...
[src.methods.laplacianshot]: [INFO]:  ==> Executing 5-shot predictions with lmd = 0.7 ...
[src.methods.laplacianshot]: [INFO]:  ==> Executing 5-shot predictions with lmd = 0.7 ...
[src.methods.laplacianshot]: [INFO]:  ==> Executing 5-shot predictions with lmd = 0.7 ...
[src.methods.laplacianshot]: [INFO]:  ==> Executing 5-shot predictions with lmd = 0.7 ...
[src.methods.laplacianshot]: [INFO]:  ==> Executing 5-shot predictions with lmd = 0.7 ...
[src.methods.laplacianshot]: [INFO]:  ==> Executing 5-shot predictions with lmd = 0.7 ...
[src.methods.laplacianshot]: [INFO]:  ==> Executing 5-shot predictions with lmd = 0.7 ...
[src.methods.laplacianshot]: [INFO]:  ==> Executing 10-shot predictions with lmd = 0.7 ...
[src.methods.laplacianshot]: [INFO]:  ==> Executing 10-shot predictions with lmd = 0.7 ...
[src.methods.laplacianshot]: [INFO]:  ==> Executing 10-shot predictions with lmd = 0.7 ...
[src.methods.laplacianshot]: [INFO]:  ==> Executing 10-shot predictions with lmd = 0.7 ...
[src.methods.laplacianshot]: [INFO]:  ==> Executing 10-shot predictions with lmd = 0.7 ...
[src.methods.laplacianshot]: [INFO]:  ==> Executing 10-shot predictions with lmd = 0.7 ...
[src.methods.laplacianshot]: [INFO]:  ==> Executing 10-shot predictions with lmd = 0.7 ...
[src.methods.laplacianshot]: [INFO]:  ==> Executing 10-shot predictions with lmd = 0.7 ...
[src.methods.laplacianshot]: [INFO]:  ==> Executing 10-shot predictions with lmd = 0.7 ...
[src.methods.laplacianshot]: [INFO]:  ==> Executing 10-shot predictions with lmd = 0.7 ...
[src.methods.laplacianshot]: [INFO]:  ==> Executing 20-shot predictions with lmd = 0.7 ...
[src.methods.laplacianshot]: [INFO]:  ==> Executing 20-shot predictions with lmd = 0.7 ...
[src.methods.laplacianshot]: [INFO]:  ==> Executing 20-shot predictions with lmd = 0.7 ...
[src.methods.laplacianshot]: [INFO]:  ==> Executing 20-shot predictions with lmd = 0.7 ...
[src.methods.laplacianshot]: [INFO]:  ==> Executing 20-shot predictions with lmd = 0.7 ...
[src.methods.laplacianshot]: [INFO]:  ==> Executing 20-shot predictions with lmd = 0.7 ...
[src.methods.laplacianshot]: [INFO]:  ==> Executing 20-shot predictions with lmd = 0.7 ...
[src.methods.laplacianshot]: [INFO]:  ==> Executing 20-shot predictions with lmd = 0.7 ...
[src.methods.laplacianshot]: [INFO]:  ==> Executing 20-shot predictions with lmd = 0.7 ...
[src.methods.laplacianshot]: [INFO]:  ==> Executing 20-shot predictions with lmd = 0.7 ...
[src.eval]: [INFO]: ----- Final test results -----
[src.eval]: [INFO]: 1-shot mean test accuracy over 10000 tasks: 0.6657733917236328
[src.eval]: [INFO]: 1-shot mean hungarian accuracy over 10000 tasks: 0.7145000696182251
[src.eval]: [INFO]: 5-shot mean test accuracy over 10000 tasks: 0.8342881202697754
[src.eval]: [INFO]: 5-shot mean hungarian accuracy over 10000 tasks: 0.8391467928886414
[src.eval]: [INFO]: 10-shot mean test accuracy over 10000 tasks: 0.8664814233779907
[src.eval]: [INFO]: 10-shot mean hungarian accuracy over 10000 tasks: 0.8695107698440552
[src.eval]: [INFO]: 20-shot mean test accuracy over 10000 tasks: 0.8821454048156738
[src.eval]: [INFO]: 20-shot mean hungarian accuracy over 10000 tasks: 0.8843773603439331
