[__main__]: [INFO]: => Creating model 'resnet18'
[__main__]: [INFO]: Number of model parameters: 11201664
[src.eval]: [INFO]: => Runnning full evaluation with method: ALPHA-TIM
[src.eval]: [INFO]:  ==> Features loaded from checkpoints/mini/softmax/resnet18/best/test/output_mean.plk
[src.methods.tim]: [INFO]:  ==> Executing ALPHA-TIM adaptation over 1000 iterations on 1 shot tasks ...
[src.methods.tim]: [INFO]:  ==> Executing ALPHA-TIM adaptation over 1000 iterations on 1 shot tasks ...
[src.methods.tim]: [INFO]:  ==> Executing ALPHA-TIM adaptation over 1000 iterations on 1 shot tasks ...
[src.methods.tim]: [INFO]:  ==> Executing ALPHA-TIM adaptation over 1000 iterations on 1 shot tasks ...
[src.methods.tim]: [INFO]:  ==> Executing ALPHA-TIM adaptation over 1000 iterations on 1 shot tasks ...
[src.methods.tim]: [INFO]:  ==> Executing ALPHA-TIM adaptation over 1000 iterations on 1 shot tasks ...
[src.methods.tim]: [INFO]:  ==> Executing ALPHA-TIM adaptation over 1000 iterations on 1 shot tasks ...
[src.methods.tim]: [INFO]:  ==> Executing ALPHA-TIM adaptation over 1000 iterations on 1 shot tasks ...
[src.methods.tim]: [INFO]:  ==> Executing ALPHA-TIM adaptation over 1000 iterations on 1 shot tasks ...
[src.methods.tim]: [INFO]:  ==> Executing ALPHA-TIM adaptation over 1000 iterations on 1 shot tasks ...
[src.methods.tim]: [INFO]:  ==> Executing ALPHA-TIM adaptation over 1000 iterations on 5 shot tasks ...
[src.methods.tim]: [INFO]:  ==> Executing ALPHA-TIM adaptation over 1000 iterations on 5 shot tasks ...
[src.methods.tim]: [INFO]:  ==> Executing ALPHA-TIM adaptation over 1000 iterations on 5 shot tasks ...
[src.methods.tim]: [INFO]:  ==> Executing ALPHA-TIM adaptation over 1000 iterations on 5 shot tasks ...
[src.methods.tim]: [INFO]:  ==> Executing ALPHA-TIM adaptation over 1000 iterations on 5 shot tasks ...
[src.methods.tim]: [INFO]:  ==> Executing ALPHA-TIM adaptation over 1000 iterations on 5 shot tasks ...
[src.methods.tim]: [INFO]:  ==> Executing ALPHA-TIM adaptation over 1000 iterations on 5 shot tasks ...
[src.methods.tim]: [INFO]:  ==> Executing ALPHA-TIM adaptation over 1000 iterations on 5 shot tasks ...
[src.methods.tim]: [INFO]:  ==> Executing ALPHA-TIM adaptation over 1000 iterations on 5 shot tasks ...
[src.methods.tim]: [INFO]:  ==> Executing ALPHA-TIM adaptation over 1000 iterations on 5 shot tasks ...
[src.methods.tim]: [INFO]:  ==> Executing ALPHA-TIM adaptation over 1000 iterations on 10 shot tasks ...
[src.methods.tim]: [INFO]:  ==> Executing ALPHA-TIM adaptation over 1000 iterations on 10 shot tasks ...
[src.methods.tim]: [INFO]:  ==> Executing ALPHA-TIM adaptation over 1000 iterations on 10 shot tasks ...
[src.methods.tim]: [INFO]:  ==> Executing ALPHA-TIM adaptation over 1000 iterations on 10 shot tasks ...
[src.methods.tim]: [INFO]:  ==> Executing ALPHA-TIM adaptation over 1000 iterations on 10 shot tasks ...
[src.methods.tim]: [INFO]:  ==> Executing ALPHA-TIM adaptation over 1000 iterations on 10 shot tasks ...
[src.methods.tim]: [INFO]:  ==> Executing ALPHA-TIM adaptation over 1000 iterations on 10 shot tasks ...
[src.methods.tim]: [INFO]:  ==> Executing ALPHA-TIM adaptation over 1000 iterations on 10 shot tasks ...
[src.methods.tim]: [INFO]:  ==> Executing ALPHA-TIM adaptation over 1000 iterations on 10 shot tasks ...
[src.methods.tim]: [INFO]:  ==> Executing ALPHA-TIM adaptation over 1000 iterations on 10 shot tasks ...
[src.methods.tim]: [INFO]:  ==> Executing ALPHA-TIM adaptation over 1000 iterations on 20 shot tasks ...
[src.methods.tim]: [INFO]:  ==> Executing ALPHA-TIM adaptation over 1000 iterations on 20 shot tasks ...
[src.methods.tim]: [INFO]:  ==> Executing ALPHA-TIM adaptation over 1000 iterations on 20 shot tasks ...
[src.methods.tim]: [INFO]:  ==> Executing ALPHA-TIM adaptation over 1000 iterations on 20 shot tasks ...
[src.methods.tim]: [INFO]:  ==> Executing ALPHA-TIM adaptation over 1000 iterations on 20 shot tasks ...
[src.methods.tim]: [INFO]:  ==> Executing ALPHA-TIM adaptation over 1000 iterations on 20 shot tasks ...
[src.methods.tim]: [INFO]:  ==> Executing ALPHA-TIM adaptation over 1000 iterations on 20 shot tasks ...
[src.methods.tim]: [INFO]:  ==> Executing ALPHA-TIM adaptation over 1000 iterations on 20 shot tasks ...
[src.methods.tim]: [INFO]:  ==> Executing ALPHA-TIM adaptation over 1000 iterations on 20 shot tasks ...
[src.methods.tim]: [INFO]:  ==> Executing ALPHA-TIM adaptation over 1000 iterations on 20 shot tasks ...
[src.eval]: [INFO]: ----- Final test results -----
[src.eval]: [INFO]: 1-shot mean test accuracy over 10000 tasks: 0.6287342309951782
[src.eval]: [INFO]: 1-shot mean hungarian accuracy over 10000 tasks: 0.6425028571428569
[src.eval]: [INFO]: 5-shot mean test accuracy over 10000 tasks: 0.795174241065979
[src.eval]: [INFO]: 5-shot mean hungarian accuracy over 10000 tasks: 0.7961828571428572
[src.eval]: [INFO]: 10-shot mean test accuracy over 10000 tasks: 0.8255528211593628
[src.eval]: [INFO]: 10-shot mean hungarian accuracy over 10000 tasks: 0.8256900000000001
[src.eval]: [INFO]: 20-shot mean test accuracy over 10000 tasks: 0.8544256091117859
[src.eval]: [INFO]: 20-shot mean hungarian accuracy over 10000 tasks: 0.8544257142857145
