[__main__]: [INFO]: => Creating model 'resnet18'
[__main__]: [INFO]: Number of model parameters: 11201664
[src.eval]: [INFO]: => Runnning full evaluation with method: KM-UNBIASED
[src.eval]: [INFO]:  ==> Features loaded from checkpoints/mini/softmax/resnet18/best/test/output_mean.plk
[src.methods.km_unbiased]: [INFO]:  ==> Executing KM-UNBIASED with LAMBDA = 75
[src.methods.km_unbiased]: [INFO]:  ==> Executing KM-UNBIASED with LAMBDA = 75
[src.methods.km_unbiased]: [INFO]:  ==> Executing KM-UNBIASED with LAMBDA = 75
[src.methods.km_unbiased]: [INFO]:  ==> Executing KM-UNBIASED with LAMBDA = 75
[src.methods.km_unbiased]: [INFO]:  ==> Executing KM-UNBIASED with LAMBDA = 75
[src.methods.km_unbiased]: [INFO]:  ==> Executing KM-UNBIASED with LAMBDA = 75
[src.methods.km_unbiased]: [INFO]:  ==> Executing KM-UNBIASED with LAMBDA = 75
[src.methods.km_unbiased]: [INFO]:  ==> Executing KM-UNBIASED with LAMBDA = 75
[src.methods.km_unbiased]: [INFO]:  ==> Executing KM-UNBIASED with LAMBDA = 75
[src.methods.km_unbiased]: [INFO]:  ==> Executing KM-UNBIASED with LAMBDA = 75
[src.methods.km_unbiased]: [INFO]:  ==> Executing KM-UNBIASED with LAMBDA = 75
[src.methods.km_unbiased]: [INFO]:  ==> Executing KM-UNBIASED with LAMBDA = 75
[src.methods.km_unbiased]: [INFO]:  ==> Executing KM-UNBIASED with LAMBDA = 75
[src.methods.km_unbiased]: [INFO]:  ==> Executing KM-UNBIASED with LAMBDA = 75
[src.methods.km_unbiased]: [INFO]:  ==> Executing KM-UNBIASED with LAMBDA = 75
[src.methods.km_unbiased]: [INFO]:  ==> Executing KM-UNBIASED with LAMBDA = 75
[src.methods.km_unbiased]: [INFO]:  ==> Executing KM-UNBIASED with LAMBDA = 75
[src.methods.km_unbiased]: [INFO]:  ==> Executing KM-UNBIASED with LAMBDA = 75
[src.methods.km_unbiased]: [INFO]:  ==> Executing KM-UNBIASED with LAMBDA = 75
[src.methods.km_unbiased]: [INFO]:  ==> Executing KM-UNBIASED with LAMBDA = 75
[src.methods.km_unbiased]: [INFO]:  ==> Executing KM-UNBIASED with LAMBDA = 75
[src.methods.km_unbiased]: [INFO]:  ==> Executing KM-UNBIASED with LAMBDA = 75
[src.methods.km_unbiased]: [INFO]:  ==> Executing KM-UNBIASED with LAMBDA = 75
[src.methods.km_unbiased]: [INFO]:  ==> Executing KM-UNBIASED with LAMBDA = 75
[src.methods.km_unbiased]: [INFO]:  ==> Executing KM-UNBIASED with LAMBDA = 75
[src.methods.km_unbiased]: [INFO]:  ==> Executing KM-UNBIASED with LAMBDA = 75
[src.methods.km_unbiased]: [INFO]:  ==> Executing KM-UNBIASED with LAMBDA = 75
[src.methods.km_unbiased]: [INFO]:  ==> Executing KM-UNBIASED with LAMBDA = 75
[src.methods.km_unbiased]: [INFO]:  ==> Executing KM-UNBIASED with LAMBDA = 75
[src.methods.km_unbiased]: [INFO]:  ==> Executing KM-UNBIASED with LAMBDA = 75
[src.eval]: [INFO]: ----- Final test results -----
[src.eval]: [INFO]: 1-shot mean test accuracy over 10000 tasks: 0.6272679567337036
[src.eval]: [INFO]: 1-shot mean hungarian accuracy over 10000 tasks: 0.7551613333333332
[src.eval]: [INFO]: 5-shot mean test accuracy over 10000 tasks: 0.8277547955513
[src.eval]: [INFO]: 5-shot mean hungarian accuracy over 10000 tasks: 0.8406346666666668
[src.eval]: [INFO]: 10-shot mean test accuracy over 10000 tasks: 0.8689414262771606
[src.eval]: [INFO]: 10-shot mean hungarian accuracy over 10000 tasks: 0.8720880000000001
