[__main__]: [INFO]: => Creating model 'resnet18'
[__main__]: [INFO]: Number of model parameters: 11201664
[src.eval]: [INFO]: => Runnning full evaluation with method: BDCSPN
[src.eval]: [INFO]:  ==> Features loaded from checkpoints/mini/softmax/resnet18/best/test/output_mean.plk
[src.methods.bdcspn]: [INFO]:  ==> Executing proto-rectification ...
[src.methods.bdcspn]: [INFO]:  ==> Executing predictions on 1 shot tasks ...
[src.methods.bdcspn]: [INFO]:  ==> Executing proto-rectification ...
[src.methods.bdcspn]: [INFO]:  ==> Executing predictions on 1 shot tasks ...
[src.methods.bdcspn]: [INFO]:  ==> Executing proto-rectification ...
[src.methods.bdcspn]: [INFO]:  ==> Executing predictions on 1 shot tasks ...
[src.methods.bdcspn]: [INFO]:  ==> Executing proto-rectification ...
[src.methods.bdcspn]: [INFO]:  ==> Executing predictions on 1 shot tasks ...
[src.methods.bdcspn]: [INFO]:  ==> Executing proto-rectification ...
[src.methods.bdcspn]: [INFO]:  ==> Executing predictions on 1 shot tasks ...
[src.methods.bdcspn]: [INFO]:  ==> Executing proto-rectification ...
[src.methods.bdcspn]: [INFO]:  ==> Executing predictions on 1 shot tasks ...
[src.methods.bdcspn]: [INFO]:  ==> Executing proto-rectification ...
[src.methods.bdcspn]: [INFO]:  ==> Executing predictions on 1 shot tasks ...
[src.methods.bdcspn]: [INFO]:  ==> Executing proto-rectification ...
[src.methods.bdcspn]: [INFO]:  ==> Executing predictions on 1 shot tasks ...
[src.methods.bdcspn]: [INFO]:  ==> Executing proto-rectification ...
[src.methods.bdcspn]: [INFO]:  ==> Executing predictions on 1 shot tasks ...
[src.methods.bdcspn]: [INFO]:  ==> Executing proto-rectification ...
[src.methods.bdcspn]: [INFO]:  ==> Executing predictions on 1 shot tasks ...
[src.methods.bdcspn]: [INFO]:  ==> Executing proto-rectification ...
[src.methods.bdcspn]: [INFO]:  ==> Executing predictions on 5 shot tasks ...
[src.methods.bdcspn]: [INFO]:  ==> Executing proto-rectification ...
[src.methods.bdcspn]: [INFO]:  ==> Executing predictions on 5 shot tasks ...
[src.methods.bdcspn]: [INFO]:  ==> Executing proto-rectification ...
[src.methods.bdcspn]: [INFO]:  ==> Executing predictions on 5 shot tasks ...
[src.methods.bdcspn]: [INFO]:  ==> Executing proto-rectification ...
[src.methods.bdcspn]: [INFO]:  ==> Executing predictions on 5 shot tasks ...
[src.methods.bdcspn]: [INFO]:  ==> Executing proto-rectification ...
[src.methods.bdcspn]: [INFO]:  ==> Executing predictions on 5 shot tasks ...
[src.methods.bdcspn]: [INFO]:  ==> Executing proto-rectification ...
[src.methods.bdcspn]: [INFO]:  ==> Executing predictions on 5 shot tasks ...
[src.methods.bdcspn]: [INFO]:  ==> Executing proto-rectification ...
[src.methods.bdcspn]: [INFO]:  ==> Executing predictions on 5 shot tasks ...
[src.methods.bdcspn]: [INFO]:  ==> Executing proto-rectification ...
[src.methods.bdcspn]: [INFO]:  ==> Executing predictions on 5 shot tasks ...
[src.methods.bdcspn]: [INFO]:  ==> Executing proto-rectification ...
[src.methods.bdcspn]: [INFO]:  ==> Executing predictions on 5 shot tasks ...
[src.methods.bdcspn]: [INFO]:  ==> Executing proto-rectification ...
[src.methods.bdcspn]: [INFO]:  ==> Executing predictions on 5 shot tasks ...
[src.methods.bdcspn]: [INFO]:  ==> Executing proto-rectification ...
[src.methods.bdcspn]: [INFO]:  ==> Executing predictions on 10 shot tasks ...
[src.methods.bdcspn]: [INFO]:  ==> Executing proto-rectification ...
[src.methods.bdcspn]: [INFO]:  ==> Executing predictions on 10 shot tasks ...
[src.methods.bdcspn]: [INFO]:  ==> Executing proto-rectification ...
[src.methods.bdcspn]: [INFO]:  ==> Executing predictions on 10 shot tasks ...
[src.methods.bdcspn]: [INFO]:  ==> Executing proto-rectification ...
[src.methods.bdcspn]: [INFO]:  ==> Executing predictions on 10 shot tasks ...
[src.methods.bdcspn]: [INFO]:  ==> Executing proto-rectification ...
[src.methods.bdcspn]: [INFO]:  ==> Executing predictions on 10 shot tasks ...
[src.methods.bdcspn]: [INFO]:  ==> Executing proto-rectification ...
[src.methods.bdcspn]: [INFO]:  ==> Executing predictions on 10 shot tasks ...
[src.methods.bdcspn]: [INFO]:  ==> Executing proto-rectification ...
[src.methods.bdcspn]: [INFO]:  ==> Executing predictions on 10 shot tasks ...
[src.methods.bdcspn]: [INFO]:  ==> Executing proto-rectification ...
[src.methods.bdcspn]: [INFO]:  ==> Executing predictions on 10 shot tasks ...
[src.methods.bdcspn]: [INFO]:  ==> Executing proto-rectification ...
[src.methods.bdcspn]: [INFO]:  ==> Executing predictions on 10 shot tasks ...
[src.methods.bdcspn]: [INFO]:  ==> Executing proto-rectification ...
[src.methods.bdcspn]: [INFO]:  ==> Executing predictions on 10 shot tasks ...
[src.eval]: [INFO]: ----- Final test results -----
[src.eval]: [INFO]: 1-shot mean test accuracy over 10000 tasks: 0.6157026290893555
[src.eval]: [INFO]: 1-shot mean hungarian accuracy over 10000 tasks: 0.6697293333333334
[src.eval]: [INFO]: 5-shot mean test accuracy over 10000 tasks: 0.7625414133071899
[src.eval]: [INFO]: 5-shot mean hungarian accuracy over 10000 tasks: 0.7764
[src.eval]: [INFO]: 10-shot mean test accuracy over 10000 tasks: 0.8030040860176086
[src.eval]: [INFO]: 10-shot mean hungarian accuracy over 10000 tasks: 0.8119226666666668
