[__main__]: [INFO]: => Creating model 'resnet18'
[__main__]: [INFO]: Number of model parameters: 11201664
[src.eval]: [INFO]: => Runnning full evaluation with method: BDCSPN
[src.eval]: [INFO]:  ==> Features loaded from checkpoints/mini/softmax/resnet18/best/val/output_mean.plk
[src.methods.bdcspn]: [INFO]:  ==> Executing proto-rectification ...
[src.methods.bdcspn]: [INFO]:  ==> Executing predictions on 1 shot tasks ...
[src.methods.bdcspn]: [INFO]:  ==> Executing proto-rectification ...
[src.methods.bdcspn]: [INFO]:  ==> Executing predictions on 5 shot tasks ...
[src.methods.bdcspn]: [INFO]:  ==> Executing proto-rectification ...
[src.methods.bdcspn]: [INFO]:  ==> Executing predictions on 10 shot tasks ...
[src.methods.bdcspn]: [INFO]:  ==> Executing proto-rectification ...
[src.methods.bdcspn]: [INFO]:  ==> Executing predictions on 20 shot tasks ...
[src.eval]: [INFO]: ----- Final test results -----
[src.eval]: [INFO]: 1-shot mean test accuracy over 1000 tasks: 0.6352666616439819
[src.eval]: [INFO]: 1-shot mean hungarian accuracy over 1000 tasks: 0.6844666666666667
[src.eval]: [INFO]: 5-shot mean test accuracy over 1000 tasks: 0.768706738948822
[src.eval]: [INFO]: 5-shot mean hungarian accuracy over 1000 tasks: 0.7811066666666667
[src.eval]: [INFO]: 10-shot mean test accuracy over 1000 tasks: 0.8076400756835938
[src.eval]: [INFO]: 10-shot mean hungarian accuracy over 1000 tasks: 0.8150533333333333
[src.eval]: [INFO]: 20-shot mean test accuracy over 1000 tasks: 0.8324000835418701
[src.eval]: [INFO]: 20-shot mean hungarian accuracy over 1000 tasks: 0.8386399999999999
