[__main__]: [INFO]: => Creating model 'resnet18'
[__main__]: [INFO]: Number of model parameters: 11201664
[src.eval]: [INFO]: => Runnning full evaluation with method: BDCSPN
[src.eval]: [INFO]:  ==> Features loaded from checkpoints/mini/softmax/resnet18/best/test/output_mean.plk
[src.methods.bdcspn]: [INFO]:  ==> Executing proto-rectification ...
[src.methods.bdcspn]: [INFO]:  ==> Executing predictions on 1 shot tasks ...
[src.methods.bdcspn]: [INFO]:  ==> Executing proto-rectification ...
[src.methods.bdcspn]: [INFO]:  ==> Executing predictions on 1 shot tasks ...
[src.methods.bdcspn]: [INFO]:  ==> Executing proto-rectification ...
[src.methods.bdcspn]: [INFO]:  ==> Executing predictions on 1 shot tasks ...
[src.methods.bdcspn]: [INFO]:  ==> Executing proto-rectification ...
[src.methods.bdcspn]: [INFO]:  ==> Executing predictions on 1 shot tasks ...
[src.methods.bdcspn]: [INFO]:  ==> Executing proto-rectification ...
[src.methods.bdcspn]: [INFO]:  ==> Executing predictions on 1 shot tasks ...
[src.methods.bdcspn]: [INFO]:  ==> Executing proto-rectification ...
[src.methods.bdcspn]: [INFO]:  ==> Executing predictions on 1 shot tasks ...
[src.methods.bdcspn]: [INFO]:  ==> Executing proto-rectification ...
[src.methods.bdcspn]: [INFO]:  ==> Executing predictions on 1 shot tasks ...
[src.methods.bdcspn]: [INFO]:  ==> Executing proto-rectification ...
[src.methods.bdcspn]: [INFO]:  ==> Executing predictions on 5 shot tasks ...
[src.methods.bdcspn]: [INFO]:  ==> Executing proto-rectification ...
[src.methods.bdcspn]: [INFO]:  ==> Executing predictions on 5 shot tasks ...
[src.methods.bdcspn]: [INFO]:  ==> Executing proto-rectification ...
[src.methods.bdcspn]: [INFO]:  ==> Executing predictions on 5 shot tasks ...
[src.methods.bdcspn]: [INFO]:  ==> Executing proto-rectification ...
[src.methods.bdcspn]: [INFO]:  ==> Executing predictions on 5 shot tasks ...
[src.methods.bdcspn]: [INFO]:  ==> Executing proto-rectification ...
[src.methods.bdcspn]: [INFO]:  ==> Executing predictions on 5 shot tasks ...
[src.methods.bdcspn]: [INFO]:  ==> Executing proto-rectification ...
[src.methods.bdcspn]: [INFO]:  ==> Executing predictions on 5 shot tasks ...
[src.methods.bdcspn]: [INFO]:  ==> Executing proto-rectification ...
[src.methods.bdcspn]: [INFO]:  ==> Executing predictions on 5 shot tasks ...
[src.methods.bdcspn]: [INFO]:  ==> Executing proto-rectification ...
[src.methods.bdcspn]: [INFO]:  ==> Executing predictions on 10 shot tasks ...
[src.methods.bdcspn]: [INFO]:  ==> Executing proto-rectification ...
[src.methods.bdcspn]: [INFO]:  ==> Executing predictions on 10 shot tasks ...
[src.methods.bdcspn]: [INFO]:  ==> Executing proto-rectification ...
[src.methods.bdcspn]: [INFO]:  ==> Executing predictions on 10 shot tasks ...
[src.methods.bdcspn]: [INFO]:  ==> Executing proto-rectification ...
[src.methods.bdcspn]: [INFO]:  ==> Executing predictions on 10 shot tasks ...
[src.methods.bdcspn]: [INFO]:  ==> Executing proto-rectification ...
[src.methods.bdcspn]: [INFO]:  ==> Executing predictions on 10 shot tasks ...
[src.methods.bdcspn]: [INFO]:  ==> Executing proto-rectification ...
[src.methods.bdcspn]: [INFO]:  ==> Executing predictions on 10 shot tasks ...
[src.methods.bdcspn]: [INFO]:  ==> Executing proto-rectification ...
[src.methods.bdcspn]: [INFO]:  ==> Executing predictions on 10 shot tasks ...
[src.methods.bdcspn]: [INFO]:  ==> Executing proto-rectification ...
[src.methods.bdcspn]: [INFO]:  ==> Executing predictions on 20 shot tasks ...
[src.methods.bdcspn]: [INFO]:  ==> Executing proto-rectification ...
[src.methods.bdcspn]: [INFO]:  ==> Executing predictions on 20 shot tasks ...
[src.methods.bdcspn]: [INFO]:  ==> Executing proto-rectification ...
[src.methods.bdcspn]: [INFO]:  ==> Executing predictions on 20 shot tasks ...
[src.methods.bdcspn]: [INFO]:  ==> Executing proto-rectification ...
[src.methods.bdcspn]: [INFO]:  ==> Executing predictions on 20 shot tasks ...
[src.methods.bdcspn]: [INFO]:  ==> Executing proto-rectification ...
[src.methods.bdcspn]: [INFO]:  ==> Executing predictions on 20 shot tasks ...
[src.methods.bdcspn]: [INFO]:  ==> Executing proto-rectification ...
[src.methods.bdcspn]: [INFO]:  ==> Executing predictions on 20 shot tasks ...
[src.methods.bdcspn]: [INFO]:  ==> Executing proto-rectification ...
[src.methods.bdcspn]: [INFO]:  ==> Executing predictions on 20 shot tasks ...
[src.eval]: [INFO]: ----- Final test results -----
[src.eval]: [INFO]: 1-shot mean test accuracy over 7000 tasks: 0.6610552668571472
[src.eval]: [INFO]: 1-shot mean hungarian accuracy over 7000 tasks: 0.6931885714285714
[src.eval]: [INFO]: 5-shot mean test accuracy over 7000 tasks: 0.7955390810966492
[src.eval]: [INFO]: 5-shot mean hungarian accuracy over 7000 tasks: 0.7976819047619047
[src.eval]: [INFO]: 10-shot mean test accuracy over 7000 tasks: 0.8225943446159363
[src.eval]: [INFO]: 10-shot mean hungarian accuracy over 7000 tasks: 0.8231695238095239
[src.eval]: [INFO]: 20-shot mean test accuracy over 7000 tasks: 0.8430457711219788
[src.eval]: [INFO]: 20-shot mean hungarian accuracy over 7000 tasks: 0.8431485714285715
