[__main__]: [INFO]: => Creating model 'resnet18'
[__main__]: [INFO]: Number of model parameters: 11201664
[src.eval]: [INFO]: => Runnning full evaluation with method: BDCSPN
[src.eval]: [INFO]:  ==> Features loaded from checkpoints/mini/softmax/resnet18/best/test/output_mean.plk
[src.methods.bdcspn]: [INFO]:  ==> Executing proto-rectification ...
[src.methods.bdcspn]: [INFO]:  ==> Executing predictions on 1 shot tasks ...
[src.methods.bdcspn]: [INFO]:  ==> Executing proto-rectification ...
[src.methods.bdcspn]: [INFO]:  ==> Executing predictions on 5 shot tasks ...
[src.methods.bdcspn]: [INFO]:  ==> Executing proto-rectification ...
[src.methods.bdcspn]: [INFO]:  ==> Executing predictions on 10 shot tasks ...
[src.methods.bdcspn]: [INFO]:  ==> Executing proto-rectification ...
[src.methods.bdcspn]: [INFO]:  ==> Executing predictions on 20 shot tasks ...
[src.eval]: [INFO]: ----- Final test results -----
[src.eval]: [INFO]: 1-shot mean test accuracy over 1000 tasks: 0.47573333978652954
[src.eval]: [INFO]: 1-shot mean hungarian accuracy over 1000 tasks: 0.5350666666666666
[src.eval]: [INFO]: 5-shot mean test accuracy over 1000 tasks: 0.6717333793640137
[src.eval]: [INFO]: 5-shot mean hungarian accuracy over 1000 tasks: 0.6792266666666666
[src.eval]: [INFO]: 10-shot mean test accuracy over 1000 tasks: 0.7414533495903015
[src.eval]: [INFO]: 10-shot mean hungarian accuracy over 1000 tasks: 0.7446933333333333
[src.eval]: [INFO]: 20-shot mean test accuracy over 1000 tasks: 0.7905733585357666
[src.eval]: [INFO]: 20-shot mean hungarian accuracy over 1000 tasks: 0.7926799999999999
