[__main__]: [INFO]: => Creating model 'resnet18'
[__main__]: [INFO]: Number of model parameters: 11201664
[src.eval]: [INFO]: => Runnning full evaluation with method: ALPHA-TIM
[src.eval]: [INFO]:  ==> Features loaded from checkpoints/mini/softmax/resnet18/best/test/output_mean.plk
[src.methods.tim]: [INFO]:  ==> Executing ALPHA-TIM adaptation over 1000 iterations on 1 shot tasks ...
[src.methods.tim]: [INFO]:  ==> Executing ALPHA-TIM adaptation over 1000 iterations on 1 shot tasks ...
[src.methods.tim]: [INFO]:  ==> Executing ALPHA-TIM adaptation over 1000 iterations on 1 shot tasks ...
[src.methods.tim]: [INFO]:  ==> Executing ALPHA-TIM adaptation over 1000 iterations on 1 shot tasks ...
[src.methods.tim]: [INFO]:  ==> Executing ALPHA-TIM adaptation over 1000 iterations on 1 shot tasks ...
[src.methods.tim]: [INFO]:  ==> Executing ALPHA-TIM adaptation over 1000 iterations on 1 shot tasks ...
[src.methods.tim]: [INFO]:  ==> Executing ALPHA-TIM adaptation over 1000 iterations on 1 shot tasks ...
[src.methods.tim]: [INFO]:  ==> Executing ALPHA-TIM adaptation over 1000 iterations on 1 shot tasks ...
[src.methods.tim]: [INFO]:  ==> Executing ALPHA-TIM adaptation over 1000 iterations on 1 shot tasks ...
[src.methods.tim]: [INFO]:  ==> Executing ALPHA-TIM adaptation over 1000 iterations on 1 shot tasks ...
[src.methods.tim]: [INFO]:  ==> Executing ALPHA-TIM adaptation over 1000 iterations on 5 shot tasks ...
[src.methods.tim]: [INFO]:  ==> Executing ALPHA-TIM adaptation over 1000 iterations on 5 shot tasks ...
[src.methods.tim]: [INFO]:  ==> Executing ALPHA-TIM adaptation over 1000 iterations on 5 shot tasks ...
[src.methods.tim]: [INFO]:  ==> Executing ALPHA-TIM adaptation over 1000 iterations on 5 shot tasks ...
[src.methods.tim]: [INFO]:  ==> Executing ALPHA-TIM adaptation over 1000 iterations on 5 shot tasks ...
[src.methods.tim]: [INFO]:  ==> Executing ALPHA-TIM adaptation over 1000 iterations on 5 shot tasks ...
[src.methods.tim]: [INFO]:  ==> Executing ALPHA-TIM adaptation over 1000 iterations on 5 shot tasks ...
[src.methods.tim]: [INFO]:  ==> Executing ALPHA-TIM adaptation over 1000 iterations on 5 shot tasks ...
[src.methods.tim]: [INFO]:  ==> Executing ALPHA-TIM adaptation over 1000 iterations on 5 shot tasks ...
[src.methods.tim]: [INFO]:  ==> Executing ALPHA-TIM adaptation over 1000 iterations on 5 shot tasks ...
[src.methods.tim]: [INFO]:  ==> Executing ALPHA-TIM adaptation over 1000 iterations on 10 shot tasks ...
[src.methods.tim]: [INFO]:  ==> Executing ALPHA-TIM adaptation over 1000 iterations on 10 shot tasks ...
[src.methods.tim]: [INFO]:  ==> Executing ALPHA-TIM adaptation over 1000 iterations on 10 shot tasks ...
[src.methods.tim]: [INFO]:  ==> Executing ALPHA-TIM adaptation over 1000 iterations on 10 shot tasks ...
[src.methods.tim]: [INFO]:  ==> Executing ALPHA-TIM adaptation over 1000 iterations on 10 shot tasks ...
[src.methods.tim]: [INFO]:  ==> Executing ALPHA-TIM adaptation over 1000 iterations on 10 shot tasks ...
[src.methods.tim]: [INFO]:  ==> Executing ALPHA-TIM adaptation over 1000 iterations on 10 shot tasks ...
[src.methods.tim]: [INFO]:  ==> Executing ALPHA-TIM adaptation over 1000 iterations on 10 shot tasks ...
[src.methods.tim]: [INFO]:  ==> Executing ALPHA-TIM adaptation over 1000 iterations on 10 shot tasks ...
[src.methods.tim]: [INFO]:  ==> Executing ALPHA-TIM adaptation over 1000 iterations on 10 shot tasks ...
[src.methods.tim]: [INFO]:  ==> Executing ALPHA-TIM adaptation over 1000 iterations on 20 shot tasks ...
[src.methods.tim]: [INFO]:  ==> Executing ALPHA-TIM adaptation over 1000 iterations on 20 shot tasks ...
[src.methods.tim]: [INFO]:  ==> Executing ALPHA-TIM adaptation over 1000 iterations on 20 shot tasks ...
[src.methods.tim]: [INFO]:  ==> Executing ALPHA-TIM adaptation over 1000 iterations on 20 shot tasks ...
[src.methods.tim]: [INFO]:  ==> Executing ALPHA-TIM adaptation over 1000 iterations on 20 shot tasks ...
[src.methods.tim]: [INFO]:  ==> Executing ALPHA-TIM adaptation over 1000 iterations on 20 shot tasks ...
[src.methods.tim]: [INFO]:  ==> Executing ALPHA-TIM adaptation over 1000 iterations on 20 shot tasks ...
[src.methods.tim]: [INFO]:  ==> Executing ALPHA-TIM adaptation over 1000 iterations on 20 shot tasks ...
[src.methods.tim]: [INFO]:  ==> Executing ALPHA-TIM adaptation over 1000 iterations on 20 shot tasks ...
[src.methods.tim]: [INFO]:  ==> Executing ALPHA-TIM adaptation over 1000 iterations on 20 shot tasks ...
[src.eval]: [INFO]: ----- Final test results -----
[src.eval]: [INFO]: 1-shot mean test accuracy over 10000 tasks: 0.5818628668785095
[src.eval]: [INFO]: 1-shot mean hungarian accuracy over 10000 tasks: 0.6062114285714285
[src.eval]: [INFO]: 5-shot mean test accuracy over 10000 tasks: 0.7458857297897339
[src.eval]: [INFO]: 5-shot mean hungarian accuracy over 10000 tasks: 0.7477771428571429
[src.eval]: [INFO]: 10-shot mean test accuracy over 10000 tasks: 0.7840071320533752
[src.eval]: [INFO]: 10-shot mean hungarian accuracy over 10000 tasks: 0.7844814285714286
[src.eval]: [INFO]: 20-shot mean test accuracy over 10000 tasks: 0.8207113146781921
[src.eval]: [INFO]: 20-shot mean hungarian accuracy over 10000 tasks: 0.8210157142857144
