[__main__]: [INFO]: => Creating model 'resnet18'
[__main__]: [INFO]: Number of model parameters: 11201664
[src.eval]: [INFO]: => Runnning full evaluation with method: ALPHA-TIM
[src.eval]: [INFO]:  ==> Features loaded from checkpoints/mini/softmax/resnet18/best/test/output_mean.plk
[src.methods.tim]: [INFO]:  ==> Executing ALPHA-TIM adaptation over 1000 iterations on 1 shot tasks ...
[src.methods.tim]: [INFO]:  ==> Executing ALPHA-TIM adaptation over 1000 iterations on 1 shot tasks ...
[src.methods.tim]: [INFO]:  ==> Executing ALPHA-TIM adaptation over 1000 iterations on 1 shot tasks ...
[src.methods.tim]: [INFO]:  ==> Executing ALPHA-TIM adaptation over 1000 iterations on 1 shot tasks ...
[src.methods.tim]: [INFO]:  ==> Executing ALPHA-TIM adaptation over 1000 iterations on 1 shot tasks ...
[src.methods.tim]: [INFO]:  ==> Executing ALPHA-TIM adaptation over 1000 iterations on 1 shot tasks ...
[src.methods.tim]: [INFO]:  ==> Executing ALPHA-TIM adaptation over 1000 iterations on 1 shot tasks ...
[src.methods.tim]: [INFO]:  ==> Executing ALPHA-TIM adaptation over 1000 iterations on 1 shot tasks ...
[src.methods.tim]: [INFO]:  ==> Executing ALPHA-TIM adaptation over 1000 iterations on 1 shot tasks ...
[src.methods.tim]: [INFO]:  ==> Executing ALPHA-TIM adaptation over 1000 iterations on 1 shot tasks ...
[src.methods.tim]: [INFO]:  ==> Executing ALPHA-TIM adaptation over 1000 iterations on 5 shot tasks ...
[src.methods.tim]: [INFO]:  ==> Executing ALPHA-TIM adaptation over 1000 iterations on 5 shot tasks ...
[src.methods.tim]: [INFO]:  ==> Executing ALPHA-TIM adaptation over 1000 iterations on 5 shot tasks ...
[src.methods.tim]: [INFO]:  ==> Executing ALPHA-TIM adaptation over 1000 iterations on 5 shot tasks ...
[src.methods.tim]: [INFO]:  ==> Executing ALPHA-TIM adaptation over 1000 iterations on 5 shot tasks ...
[src.methods.tim]: [INFO]:  ==> Executing ALPHA-TIM adaptation over 1000 iterations on 5 shot tasks ...
[src.methods.tim]: [INFO]:  ==> Executing ALPHA-TIM adaptation over 1000 iterations on 5 shot tasks ...
[src.methods.tim]: [INFO]:  ==> Executing ALPHA-TIM adaptation over 1000 iterations on 5 shot tasks ...
[src.methods.tim]: [INFO]:  ==> Executing ALPHA-TIM adaptation over 1000 iterations on 5 shot tasks ...
[src.methods.tim]: [INFO]:  ==> Executing ALPHA-TIM adaptation over 1000 iterations on 5 shot tasks ...
[src.methods.tim]: [INFO]:  ==> Executing ALPHA-TIM adaptation over 1000 iterations on 10 shot tasks ...
[src.methods.tim]: [INFO]:  ==> Executing ALPHA-TIM adaptation over 1000 iterations on 10 shot tasks ...
[src.methods.tim]: [INFO]:  ==> Executing ALPHA-TIM adaptation over 1000 iterations on 10 shot tasks ...
[src.methods.tim]: [INFO]:  ==> Executing ALPHA-TIM adaptation over 1000 iterations on 10 shot tasks ...
[src.methods.tim]: [INFO]:  ==> Executing ALPHA-TIM adaptation over 1000 iterations on 10 shot tasks ...
[src.methods.tim]: [INFO]:  ==> Executing ALPHA-TIM adaptation over 1000 iterations on 10 shot tasks ...
[src.methods.tim]: [INFO]:  ==> Executing ALPHA-TIM adaptation over 1000 iterations on 10 shot tasks ...
[src.methods.tim]: [INFO]:  ==> Executing ALPHA-TIM adaptation over 1000 iterations on 10 shot tasks ...
[src.methods.tim]: [INFO]:  ==> Executing ALPHA-TIM adaptation over 1000 iterations on 10 shot tasks ...
[src.methods.tim]: [INFO]:  ==> Executing ALPHA-TIM adaptation over 1000 iterations on 10 shot tasks ...
[src.eval]: [INFO]: ----- Final test results -----
[src.eval]: [INFO]: 1-shot mean test accuracy over 10000 tasks: 0.6582187414169312
[src.eval]: [INFO]: 1-shot mean hungarian accuracy over 10000 tasks: 0.7099146666666666
[src.eval]: [INFO]: 5-shot mean test accuracy over 10000 tasks: 0.8408280611038208
[src.eval]: [INFO]: 5-shot mean hungarian accuracy over 10000 tasks: 0.8447853333333333
[src.eval]: [INFO]: 10-shot mean test accuracy over 10000 tasks: 0.8681600689888
[src.eval]: [INFO]: 10-shot mean hungarian accuracy over 10000 tasks: 0.86904
