[__main__]: [INFO]: => Creating model 'resnet18'
[__main__]: [INFO]: Number of model parameters: 11201664
[src.eval]: [INFO]: => Runnning full evaluation with method: Baseline
[src.eval]: [INFO]:  ==> Features loaded from checkpoints/mini/softmax/resnet18/best/test/output_mean.plk
[src.methods.baseline]: [INFO]:  ==> Executing Baseline adaptation over 100 iterations on 1 shot tasks...
[src.methods.baseline]: [INFO]:  ==> Executing Baseline adaptation over 100 iterations on 1 shot tasks...
[src.methods.baseline]: [INFO]:  ==> Executing Baseline adaptation over 100 iterations on 1 shot tasks...
[src.methods.baseline]: [INFO]:  ==> Executing Baseline adaptation over 100 iterations on 1 shot tasks...
[src.methods.baseline]: [INFO]:  ==> Executing Baseline adaptation over 100 iterations on 1 shot tasks...
[src.methods.baseline]: [INFO]:  ==> Executing Baseline adaptation over 100 iterations on 1 shot tasks...
[src.methods.baseline]: [INFO]:  ==> Executing Baseline adaptation over 100 iterations on 1 shot tasks...
[src.methods.baseline]: [INFO]:  ==> Executing Baseline adaptation over 100 iterations on 1 shot tasks...
[src.methods.baseline]: [INFO]:  ==> Executing Baseline adaptation over 100 iterations on 1 shot tasks...
[src.methods.baseline]: [INFO]:  ==> Executing Baseline adaptation over 100 iterations on 1 shot tasks...
[src.methods.baseline]: [INFO]:  ==> Executing Baseline adaptation over 100 iterations on 5 shot tasks...
[src.methods.baseline]: [INFO]:  ==> Executing Baseline adaptation over 100 iterations on 5 shot tasks...
[src.methods.baseline]: [INFO]:  ==> Executing Baseline adaptation over 100 iterations on 5 shot tasks...
[src.methods.baseline]: [INFO]:  ==> Executing Baseline adaptation over 100 iterations on 5 shot tasks...
[src.methods.baseline]: [INFO]:  ==> Executing Baseline adaptation over 100 iterations on 5 shot tasks...
[src.methods.baseline]: [INFO]:  ==> Executing Baseline adaptation over 100 iterations on 5 shot tasks...
[src.methods.baseline]: [INFO]:  ==> Executing Baseline adaptation over 100 iterations on 5 shot tasks...
[src.methods.baseline]: [INFO]:  ==> Executing Baseline adaptation over 100 iterations on 5 shot tasks...
[src.methods.baseline]: [INFO]:  ==> Executing Baseline adaptation over 100 iterations on 5 shot tasks...
[src.methods.baseline]: [INFO]:  ==> Executing Baseline adaptation over 100 iterations on 5 shot tasks...
[src.methods.baseline]: [INFO]:  ==> Executing Baseline adaptation over 100 iterations on 10 shot tasks...
[src.methods.baseline]: [INFO]:  ==> Executing Baseline adaptation over 100 iterations on 10 shot tasks...
[src.methods.baseline]: [INFO]:  ==> Executing Baseline adaptation over 100 iterations on 10 shot tasks...
[src.methods.baseline]: [INFO]:  ==> Executing Baseline adaptation over 100 iterations on 10 shot tasks...
[src.methods.baseline]: [INFO]:  ==> Executing Baseline adaptation over 100 iterations on 10 shot tasks...
[src.methods.baseline]: [INFO]:  ==> Executing Baseline adaptation over 100 iterations on 10 shot tasks...
[src.methods.baseline]: [INFO]:  ==> Executing Baseline adaptation over 100 iterations on 10 shot tasks...
[src.methods.baseline]: [INFO]:  ==> Executing Baseline adaptation over 100 iterations on 10 shot tasks...
[src.methods.baseline]: [INFO]:  ==> Executing Baseline adaptation over 100 iterations on 10 shot tasks...
[src.methods.baseline]: [INFO]:  ==> Executing Baseline adaptation over 100 iterations on 10 shot tasks...
[src.methods.baseline]: [INFO]:  ==> Executing Baseline adaptation over 100 iterations on 20 shot tasks...
[src.methods.baseline]: [INFO]:  ==> Executing Baseline adaptation over 100 iterations on 20 shot tasks...
[src.methods.baseline]: [INFO]:  ==> Executing Baseline adaptation over 100 iterations on 20 shot tasks...
[src.methods.baseline]: [INFO]:  ==> Executing Baseline adaptation over 100 iterations on 20 shot tasks...
[src.methods.baseline]: [INFO]:  ==> Executing Baseline adaptation over 100 iterations on 20 shot tasks...
[src.methods.baseline]: [INFO]:  ==> Executing Baseline adaptation over 100 iterations on 20 shot tasks...
[src.methods.baseline]: [INFO]:  ==> Executing Baseline adaptation over 100 iterations on 20 shot tasks...
[src.methods.baseline]: [INFO]:  ==> Executing Baseline adaptation over 100 iterations on 20 shot tasks...
[src.methods.baseline]: [INFO]:  ==> Executing Baseline adaptation over 100 iterations on 20 shot tasks...
[src.methods.baseline]: [INFO]:  ==> Executing Baseline adaptation over 100 iterations on 20 shot tasks...
[src.eval]: [INFO]: ----- Final test results -----
[src.eval]: [INFO]: 1-shot mean test accuracy over 10000 tasks: 0.7934170961380005
[src.eval]: [INFO]: 1-shot mean hungarian accuracy over 10000 tasks: 0.8238142857142858
[src.eval]: [INFO]: 5-shot mean test accuracy over 10000 tasks: 0.9203628301620483
[src.eval]: [INFO]: 5-shot mean hungarian accuracy over 10000 tasks: 0.9206280857142858
[src.eval]: [INFO]: 10-shot mean test accuracy over 10000 tasks: 0.9408214688301086
[src.eval]: [INFO]: 10-shot mean hungarian accuracy over 10000 tasks: 0.9407080571428571
[src.eval]: [INFO]: 20-shot mean test accuracy over 10000 tasks: 0.9507913589477539
[src.eval]: [INFO]: 20-shot mean hungarian accuracy over 10000 tasks: 0.9505701714285715
