[__main__]: [INFO]: => Creating model 'resnet18'
[__main__]: [INFO]: Number of model parameters: 11201664
[src.eval]: [INFO]: => Runnning full evaluation with method: KM-UNBIASED
[src.eval]: [INFO]:  ==> Features loaded from checkpoints/mini/softmax/resnet18/best/test/output_mean.plk
[src.methods.km_unbiased]: [INFO]:  ==> Executing KM-UNBIASED with LAMBDA = 75
[src.methods.km_unbiased]: [INFO]:  ==> Executing KM-UNBIASED with LAMBDA = 75
[src.methods.km_unbiased]: [INFO]:  ==> Executing KM-UNBIASED with LAMBDA = 75
[src.methods.km_unbiased]: [INFO]:  ==> Executing KM-UNBIASED with LAMBDA = 75
[src.methods.km_unbiased]: [INFO]:  ==> Executing KM-UNBIASED with LAMBDA = 75
[src.methods.km_unbiased]: [INFO]:  ==> Executing KM-UNBIASED with LAMBDA = 75
[src.methods.km_unbiased]: [INFO]:  ==> Executing KM-UNBIASED with LAMBDA = 75
[src.methods.km_unbiased]: [INFO]:  ==> Executing KM-UNBIASED with LAMBDA = 75
[src.methods.km_unbiased]: [INFO]:  ==> Executing KM-UNBIASED with LAMBDA = 75
[src.methods.km_unbiased]: [INFO]:  ==> Executing KM-UNBIASED with LAMBDA = 75
[src.methods.km_unbiased]: [INFO]:  ==> Executing KM-UNBIASED with LAMBDA = 75
[src.methods.km_unbiased]: [INFO]:  ==> Executing KM-UNBIASED with LAMBDA = 75
[src.methods.km_unbiased]: [INFO]:  ==> Executing KM-UNBIASED with LAMBDA = 75
[src.methods.km_unbiased]: [INFO]:  ==> Executing KM-UNBIASED with LAMBDA = 75
[src.methods.km_unbiased]: [INFO]:  ==> Executing KM-UNBIASED with LAMBDA = 75
[src.methods.km_unbiased]: [INFO]:  ==> Executing KM-UNBIASED with LAMBDA = 75
[src.methods.km_unbiased]: [INFO]:  ==> Executing KM-UNBIASED with LAMBDA = 75
[src.methods.km_unbiased]: [INFO]:  ==> Executing KM-UNBIASED with LAMBDA = 75
[src.methods.km_unbiased]: [INFO]:  ==> Executing KM-UNBIASED with LAMBDA = 75
[src.methods.km_unbiased]: [INFO]:  ==> Executing KM-UNBIASED with LAMBDA = 75
[src.methods.km_unbiased]: [INFO]:  ==> Executing KM-UNBIASED with LAMBDA = 75
[src.methods.km_unbiased]: [INFO]:  ==> Executing KM-UNBIASED with LAMBDA = 75
[src.methods.km_unbiased]: [INFO]:  ==> Executing KM-UNBIASED with LAMBDA = 75
[src.methods.km_unbiased]: [INFO]:  ==> Executing KM-UNBIASED with LAMBDA = 75
[src.methods.km_unbiased]: [INFO]:  ==> Executing KM-UNBIASED with LAMBDA = 75
[src.methods.km_unbiased]: [INFO]:  ==> Executing KM-UNBIASED with LAMBDA = 75
[src.methods.km_unbiased]: [INFO]:  ==> Executing KM-UNBIASED with LAMBDA = 75
[src.methods.km_unbiased]: [INFO]:  ==> Executing KM-UNBIASED with LAMBDA = 75
[src.methods.km_unbiased]: [INFO]:  ==> Executing KM-UNBIASED with LAMBDA = 75
[src.methods.km_unbiased]: [INFO]:  ==> Executing KM-UNBIASED with LAMBDA = 75
[src.methods.km_unbiased]: [INFO]:  ==> Executing KM-UNBIASED with LAMBDA = 75
[src.methods.km_unbiased]: [INFO]:  ==> Executing KM-UNBIASED with LAMBDA = 75
[src.methods.km_unbiased]: [INFO]:  ==> Executing KM-UNBIASED with LAMBDA = 75
[src.methods.km_unbiased]: [INFO]:  ==> Executing KM-UNBIASED with LAMBDA = 75
[src.methods.km_unbiased]: [INFO]:  ==> Executing KM-UNBIASED with LAMBDA = 75
[src.methods.km_unbiased]: [INFO]:  ==> Executing KM-UNBIASED with LAMBDA = 75
[src.methods.km_unbiased]: [INFO]:  ==> Executing KM-UNBIASED with LAMBDA = 75
[src.methods.km_unbiased]: [INFO]:  ==> Executing KM-UNBIASED with LAMBDA = 75
[src.methods.km_unbiased]: [INFO]:  ==> Executing KM-UNBIASED with LAMBDA = 75
[src.methods.km_unbiased]: [INFO]:  ==> Executing KM-UNBIASED with LAMBDA = 75
[src.eval]: [INFO]: ----- Final test results -----
[src.eval]: [INFO]: 1-shot mean test accuracy over 10000 tasks: 0.8644841909408569
[src.eval]: [INFO]: 1-shot mean hungarian accuracy over 10000 tasks: 0.916517142857143
[src.eval]: [INFO]: 5-shot mean test accuracy over 10000 tasks: 0.9610928297042847
[src.eval]: [INFO]: 5-shot mean hungarian accuracy over 10000 tasks: 0.9635242857142858
[src.eval]: [INFO]: 10-shot mean test accuracy over 10000 tasks: 0.9771957397460938
[src.eval]: [INFO]: 10-shot mean hungarian accuracy over 10000 tasks: 0.977644285714286
[src.eval]: [INFO]: 20-shot mean test accuracy over 10000 tasks: 0.9839342832565308
[src.eval]: [INFO]: 20-shot mean hungarian accuracy over 10000 tasks: 0.9839785714285716
