[__main__]: [INFO]: => Creating model 'resnet18'
[__main__]: [INFO]: Number of model parameters: 11201664
[src.eval]: [INFO]: => Runnning full evaluation with method: KM-UNBIASED
[src.eval]: [INFO]:  ==> Features loaded from checkpoints/mini/softmax/resnet18/best/val/output_mean.plk
[src.methods.km_unbiased]: [INFO]:  ==> Executing KM-UNBIASED with LAMBDA = 75
[src.methods.km_unbiased]: [INFO]:  ==> Executing KM-UNBIASED with LAMBDA = 75
[src.methods.km_unbiased]: [INFO]:  ==> Executing KM-UNBIASED with LAMBDA = 75
[src.methods.km_unbiased]: [INFO]:  ==> Executing KM-UNBIASED with LAMBDA = 75
[src.methods.km_unbiased]: [INFO]:  ==> Executing KM-UNBIASED with LAMBDA = 75
[src.methods.km_unbiased]: [INFO]:  ==> Executing KM-UNBIASED with LAMBDA = 75
[src.methods.km_unbiased]: [INFO]:  ==> Executing KM-UNBIASED with LAMBDA = 75
[src.methods.km_unbiased]: [INFO]:  ==> Executing KM-UNBIASED with LAMBDA = 75
[src.methods.km_unbiased]: [INFO]:  ==> Executing KM-UNBIASED with LAMBDA = 75
[src.eval]: [INFO]: ----- Final test results -----
[src.eval]: [INFO]: 1-shot mean test accuracy over 3000 tasks: 0.6540133357048035
[src.eval]: [INFO]: 1-shot mean hungarian accuracy over 3000 tasks: 0.7473333333333333
[src.eval]: [INFO]: 5-shot mean test accuracy over 3000 tasks: 0.8180088996887207
[src.eval]: [INFO]: 5-shot mean hungarian accuracy over 3000 tasks: 0.8264266666666668
[src.eval]: [INFO]: 10-shot mean test accuracy over 3000 tasks: 0.8500978350639343
[src.eval]: [INFO]: 10-shot mean hungarian accuracy over 3000 tasks: 0.8528399999999999
