[__main__]: [INFO]: => Creating model 'resnet18'
[__main__]: [INFO]: Number of model parameters: 11201664
[src.eval]: [INFO]: => Runnning full evaluation with method: KM-UNBIASED
[src.eval]: [INFO]:  ==> Features loaded from checkpoints/mini/softmax/resnet18/best/test/output_mean.plk
[src.methods.km_unbiased]: [INFO]:  ==> Executing KM-UNBIASED with LAMBDA = 75
[src.methods.km_unbiased]: [INFO]:  ==> Executing KM-UNBIASED with LAMBDA = 75
[src.methods.km_unbiased]: [INFO]:  ==> Executing KM-UNBIASED with LAMBDA = 75
[src.methods.km_unbiased]: [INFO]:  ==> Executing KM-UNBIASED with LAMBDA = 75
[src.methods.km_unbiased]: [INFO]:  ==> Executing KM-UNBIASED with LAMBDA = 75
[src.methods.km_unbiased]: [INFO]:  ==> Executing KM-UNBIASED with LAMBDA = 75
[src.methods.km_unbiased]: [INFO]:  ==> Executing KM-UNBIASED with LAMBDA = 75
[src.methods.km_unbiased]: [INFO]:  ==> Executing KM-UNBIASED with LAMBDA = 75
[src.methods.km_unbiased]: [INFO]:  ==> Executing KM-UNBIASED with LAMBDA = 75
[src.methods.km_unbiased]: [INFO]:  ==> Executing KM-UNBIASED with LAMBDA = 75
[src.methods.km_unbiased]: [INFO]:  ==> Executing KM-UNBIASED with LAMBDA = 75
[src.methods.km_unbiased]: [INFO]:  ==> Executing KM-UNBIASED with LAMBDA = 75
[src.methods.km_unbiased]: [INFO]:  ==> Executing KM-UNBIASED with LAMBDA = 75
[src.methods.km_unbiased]: [INFO]:  ==> Executing KM-UNBIASED with LAMBDA = 75
[src.methods.km_unbiased]: [INFO]:  ==> Executing KM-UNBIASED with LAMBDA = 75
[src.methods.km_unbiased]: [INFO]:  ==> Executing KM-UNBIASED with LAMBDA = 75
[src.methods.km_unbiased]: [INFO]:  ==> Executing KM-UNBIASED with LAMBDA = 75
[src.methods.km_unbiased]: [INFO]:  ==> Executing KM-UNBIASED with LAMBDA = 75
[src.methods.km_unbiased]: [INFO]:  ==> Executing KM-UNBIASED with LAMBDA = 75
[src.methods.km_unbiased]: [INFO]:  ==> Executing KM-UNBIASED with LAMBDA = 75
[src.methods.km_unbiased]: [INFO]:  ==> Executing KM-UNBIASED with LAMBDA = 75
[src.methods.km_unbiased]: [INFO]:  ==> Executing KM-UNBIASED with LAMBDA = 75
[src.methods.km_unbiased]: [INFO]:  ==> Executing KM-UNBIASED with LAMBDA = 75
[src.methods.km_unbiased]: [INFO]:  ==> Executing KM-UNBIASED with LAMBDA = 75
[src.methods.km_unbiased]: [INFO]:  ==> Executing KM-UNBIASED with LAMBDA = 75
[src.methods.km_unbiased]: [INFO]:  ==> Executing KM-UNBIASED with LAMBDA = 75
[src.methods.km_unbiased]: [INFO]:  ==> Executing KM-UNBIASED with LAMBDA = 75
[src.methods.km_unbiased]: [INFO]:  ==> Executing KM-UNBIASED with LAMBDA = 75
[src.methods.km_unbiased]: [INFO]:  ==> Executing KM-UNBIASED with LAMBDA = 75
[src.methods.km_unbiased]: [INFO]:  ==> Executing KM-UNBIASED with LAMBDA = 75
[src.eval]: [INFO]: ----- Final test results -----
[src.eval]: [INFO]: 1-shot mean test accuracy over 10000 tasks: 0.6314586400985718
[src.eval]: [INFO]: 1-shot mean hungarian accuracy over 10000 tasks: 0.7849106666666665
[src.eval]: [INFO]: 5-shot mean test accuracy over 10000 tasks: 0.8531813621520996
[src.eval]: [INFO]: 5-shot mean hungarian accuracy over 10000 tasks: 0.8722186666666666
[src.eval]: [INFO]: 10-shot mean test accuracy over 10000 tasks: 0.9041867256164551
[src.eval]: [INFO]: 10-shot mean hungarian accuracy over 10000 tasks: 0.90994
