[__main__]: [INFO]: => Creating model 'resnet18'
[__main__]: [INFO]: Number of model parameters: 11201664
[src.eval]: [INFO]: => Runnning full evaluation with method: LaplacianShot
[src.eval]: [INFO]:  ==> Features loaded from checkpoints/mini/softmax/resnet18/best/test/output_mean.plk
[src.methods.laplacianshot]: [INFO]:  ==> Executing 1-shot predictions with lmd = 0.7 ...
[src.methods.laplacianshot]: [INFO]:  ==> Executing 1-shot predictions with lmd = 0.7 ...
[src.methods.laplacianshot]: [INFO]:  ==> Executing 1-shot predictions with lmd = 0.7 ...
[src.methods.laplacianshot]: [INFO]:  ==> Executing 1-shot predictions with lmd = 0.7 ...
[src.methods.laplacianshot]: [INFO]:  ==> Executing 1-shot predictions with lmd = 0.7 ...
[src.methods.laplacianshot]: [INFO]:  ==> Executing 1-shot predictions with lmd = 0.7 ...
[src.methods.laplacianshot]: [INFO]:  ==> Executing 1-shot predictions with lmd = 0.7 ...
[src.methods.laplacianshot]: [INFO]:  ==> Executing 5-shot predictions with lmd = 0.7 ...
[src.methods.laplacianshot]: [INFO]:  ==> Executing 5-shot predictions with lmd = 0.7 ...
[src.methods.laplacianshot]: [INFO]:  ==> Executing 5-shot predictions with lmd = 0.7 ...
[src.methods.laplacianshot]: [INFO]:  ==> Executing 5-shot predictions with lmd = 0.7 ...
[src.methods.laplacianshot]: [INFO]:  ==> Executing 5-shot predictions with lmd = 0.7 ...
[src.methods.laplacianshot]: [INFO]:  ==> Executing 5-shot predictions with lmd = 0.7 ...
[src.methods.laplacianshot]: [INFO]:  ==> Executing 5-shot predictions with lmd = 0.7 ...
[src.methods.laplacianshot]: [INFO]:  ==> Executing 10-shot predictions with lmd = 0.7 ...
[src.methods.laplacianshot]: [INFO]:  ==> Executing 10-shot predictions with lmd = 0.7 ...
[src.methods.laplacianshot]: [INFO]:  ==> Executing 10-shot predictions with lmd = 0.7 ...
[src.methods.laplacianshot]: [INFO]:  ==> Executing 10-shot predictions with lmd = 0.7 ...
[src.methods.laplacianshot]: [INFO]:  ==> Executing 10-shot predictions with lmd = 0.7 ...
[src.methods.laplacianshot]: [INFO]:  ==> Executing 10-shot predictions with lmd = 0.7 ...
[src.methods.laplacianshot]: [INFO]:  ==> Executing 10-shot predictions with lmd = 0.7 ...
[src.methods.laplacianshot]: [INFO]:  ==> Executing 20-shot predictions with lmd = 0.7 ...
[src.methods.laplacianshot]: [INFO]:  ==> Executing 20-shot predictions with lmd = 0.7 ...
[src.methods.laplacianshot]: [INFO]:  ==> Executing 20-shot predictions with lmd = 0.7 ...
[src.methods.laplacianshot]: [INFO]:  ==> Executing 20-shot predictions with lmd = 0.7 ...
[src.methods.laplacianshot]: [INFO]:  ==> Executing 20-shot predictions with lmd = 0.7 ...
[src.methods.laplacianshot]: [INFO]:  ==> Executing 20-shot predictions with lmd = 0.7 ...
[src.methods.laplacianshot]: [INFO]:  ==> Executing 20-shot predictions with lmd = 0.7 ...
[src.eval]: [INFO]: ----- Final test results -----
[src.eval]: [INFO]: 1-shot mean test accuracy over 7000 tasks: 0.6622095704078674
[src.eval]: [INFO]: 1-shot mean hungarian accuracy over 7000 tasks: 0.6939676403999329
[src.eval]: [INFO]: 5-shot mean test accuracy over 7000 tasks: 0.8233238458633423
[src.eval]: [INFO]: 5-shot mean hungarian accuracy over 7000 tasks: 0.8246287107467651
[src.eval]: [INFO]: 10-shot mean test accuracy over 7000 tasks: 0.8518438935279846
[src.eval]: [INFO]: 10-shot mean hungarian accuracy over 7000 tasks: 0.8520516157150269
[src.eval]: [INFO]: 20-shot mean test accuracy over 7000 tasks: 0.8690933585166931
[src.eval]: [INFO]: 20-shot mean hungarian accuracy over 7000 tasks: 0.8691486120223999
