[__main__]: [INFO]: => Creating model 'resnet18'
[__main__]: [INFO]: Number of model parameters: 11201664
[src.eval]: [INFO]: => Runnning full evaluation with method: Baseline
[src.eval]: [INFO]:  ==> Features loaded from checkpoints/mini/softmax/resnet18/best/test/output_mean.plk
[src.methods.baseline]: [INFO]:  ==> Executing Baseline adaptation over 100 iterations on 1 shot tasks...
[src.methods.baseline]: [INFO]:  ==> Executing Baseline adaptation over 100 iterations on 1 shot tasks...
[src.methods.baseline]: [INFO]:  ==> Executing Baseline adaptation over 100 iterations on 1 shot tasks...
[src.methods.baseline]: [INFO]:  ==> Executing Baseline adaptation over 100 iterations on 1 shot tasks...
[src.methods.baseline]: [INFO]:  ==> Executing Baseline adaptation over 100 iterations on 1 shot tasks...
[src.methods.baseline]: [INFO]:  ==> Executing Baseline adaptation over 100 iterations on 1 shot tasks...
[src.methods.baseline]: [INFO]:  ==> Executing Baseline adaptation over 100 iterations on 1 shot tasks...
[src.methods.baseline]: [INFO]:  ==> Executing Baseline adaptation over 100 iterations on 5 shot tasks...
[src.methods.baseline]: [INFO]:  ==> Executing Baseline adaptation over 100 iterations on 5 shot tasks...
[src.methods.baseline]: [INFO]:  ==> Executing Baseline adaptation over 100 iterations on 5 shot tasks...
[src.methods.baseline]: [INFO]:  ==> Executing Baseline adaptation over 100 iterations on 5 shot tasks...
[src.methods.baseline]: [INFO]:  ==> Executing Baseline adaptation over 100 iterations on 5 shot tasks...
[src.methods.baseline]: [INFO]:  ==> Executing Baseline adaptation over 100 iterations on 5 shot tasks...
[src.methods.baseline]: [INFO]:  ==> Executing Baseline adaptation over 100 iterations on 5 shot tasks...
[src.methods.baseline]: [INFO]:  ==> Executing Baseline adaptation over 100 iterations on 10 shot tasks...
[src.methods.baseline]: [INFO]:  ==> Executing Baseline adaptation over 100 iterations on 10 shot tasks...
[src.methods.baseline]: [INFO]:  ==> Executing Baseline adaptation over 100 iterations on 10 shot tasks...
[src.methods.baseline]: [INFO]:  ==> Executing Baseline adaptation over 100 iterations on 10 shot tasks...
[src.methods.baseline]: [INFO]:  ==> Executing Baseline adaptation over 100 iterations on 10 shot tasks...
[src.methods.baseline]: [INFO]:  ==> Executing Baseline adaptation over 100 iterations on 10 shot tasks...
[src.methods.baseline]: [INFO]:  ==> Executing Baseline adaptation over 100 iterations on 10 shot tasks...
[src.methods.baseline]: [INFO]:  ==> Executing Baseline adaptation over 100 iterations on 20 shot tasks...
[src.methods.baseline]: [INFO]:  ==> Executing Baseline adaptation over 100 iterations on 20 shot tasks...
[src.methods.baseline]: [INFO]:  ==> Executing Baseline adaptation over 100 iterations on 20 shot tasks...
[src.methods.baseline]: [INFO]:  ==> Executing Baseline adaptation over 100 iterations on 20 shot tasks...
[src.methods.baseline]: [INFO]:  ==> Executing Baseline adaptation over 100 iterations on 20 shot tasks...
[src.methods.baseline]: [INFO]:  ==> Executing Baseline adaptation over 100 iterations on 20 shot tasks...
[src.methods.baseline]: [INFO]:  ==> Executing Baseline adaptation over 100 iterations on 20 shot tasks...
[src.eval]: [INFO]: ----- Final test results -----
[src.eval]: [INFO]: 1-shot mean test accuracy over 7000 tasks: 0.562914252281189
[src.eval]: [INFO]: 1-shot mean hungarian accuracy over 7000 tasks: 0.6095904761904762
[src.eval]: [INFO]: 5-shot mean test accuracy over 7000 tasks: 0.7881638407707214
[src.eval]: [INFO]: 5-shot mean hungarian accuracy over 7000 tasks: 0.7893076190476191
[src.eval]: [INFO]: 10-shot mean test accuracy over 7000 tasks: 0.8314667344093323
[src.eval]: [INFO]: 10-shot mean hungarian accuracy over 7000 tasks: 0.8313884380952381
[src.eval]: [INFO]: 20-shot mean test accuracy over 7000 tasks: 0.8588533997535706
[src.eval]: [INFO]: 20-shot mean hungarian accuracy over 7000 tasks: 0.8582807238095238
