[__main__]: [INFO]: => Creating model 'resnet18'
[__main__]: [INFO]: Number of model parameters: 11201664
[src.eval]: [INFO]: => Runnning full evaluation with method: Baseline
[src.eval]: [INFO]:  ==> Features loaded from checkpoints/mini/softmax/resnet18/best/test/output_mean.plk
[src.methods.baseline]: [INFO]:  ==> Executing Baseline adaptation over 100 iterations on 1 shot tasks...
[src.methods.baseline]: [INFO]:  ==> Executing Baseline adaptation over 100 iterations on 1 shot tasks...
[src.methods.baseline]: [INFO]:  ==> Executing Baseline adaptation over 100 iterations on 1 shot tasks...
[src.methods.baseline]: [INFO]:  ==> Executing Baseline adaptation over 100 iterations on 1 shot tasks...
[src.methods.baseline]: [INFO]:  ==> Executing Baseline adaptation over 100 iterations on 1 shot tasks...
[src.methods.baseline]: [INFO]:  ==> Executing Baseline adaptation over 100 iterations on 1 shot tasks...
[src.methods.baseline]: [INFO]:  ==> Executing Baseline adaptation over 100 iterations on 1 shot tasks...
[src.methods.baseline]: [INFO]:  ==> Executing Baseline adaptation over 100 iterations on 1 shot tasks...
[src.methods.baseline]: [INFO]:  ==> Executing Baseline adaptation over 100 iterations on 1 shot tasks...
[src.methods.baseline]: [INFO]:  ==> Executing Baseline adaptation over 100 iterations on 1 shot tasks...
[src.methods.baseline]: [INFO]:  ==> Executing Baseline adaptation over 100 iterations on 5 shot tasks...
[src.methods.baseline]: [INFO]:  ==> Executing Baseline adaptation over 100 iterations on 5 shot tasks...
[src.methods.baseline]: [INFO]:  ==> Executing Baseline adaptation over 100 iterations on 5 shot tasks...
[src.methods.baseline]: [INFO]:  ==> Executing Baseline adaptation over 100 iterations on 5 shot tasks...
[src.methods.baseline]: [INFO]:  ==> Executing Baseline adaptation over 100 iterations on 5 shot tasks...
[src.methods.baseline]: [INFO]:  ==> Executing Baseline adaptation over 100 iterations on 5 shot tasks...
[src.methods.baseline]: [INFO]:  ==> Executing Baseline adaptation over 100 iterations on 5 shot tasks...
[src.methods.baseline]: [INFO]:  ==> Executing Baseline adaptation over 100 iterations on 5 shot tasks...
[src.methods.baseline]: [INFO]:  ==> Executing Baseline adaptation over 100 iterations on 5 shot tasks...
[src.methods.baseline]: [INFO]:  ==> Executing Baseline adaptation over 100 iterations on 5 shot tasks...
[src.methods.baseline]: [INFO]:  ==> Executing Baseline adaptation over 100 iterations on 10 shot tasks...
[src.methods.baseline]: [INFO]:  ==> Executing Baseline adaptation over 100 iterations on 10 shot tasks...
[src.methods.baseline]: [INFO]:  ==> Executing Baseline adaptation over 100 iterations on 10 shot tasks...
[src.methods.baseline]: [INFO]:  ==> Executing Baseline adaptation over 100 iterations on 10 shot tasks...
[src.methods.baseline]: [INFO]:  ==> Executing Baseline adaptation over 100 iterations on 10 shot tasks...
[src.methods.baseline]: [INFO]:  ==> Executing Baseline adaptation over 100 iterations on 10 shot tasks...
[src.methods.baseline]: [INFO]:  ==> Executing Baseline adaptation over 100 iterations on 10 shot tasks...
[src.methods.baseline]: [INFO]:  ==> Executing Baseline adaptation over 100 iterations on 10 shot tasks...
[src.methods.baseline]: [INFO]:  ==> Executing Baseline adaptation over 100 iterations on 10 shot tasks...
[src.methods.baseline]: [INFO]:  ==> Executing Baseline adaptation over 100 iterations on 10 shot tasks...
[src.methods.baseline]: [INFO]:  ==> Executing Baseline adaptation over 100 iterations on 20 shot tasks...
[src.methods.baseline]: [INFO]:  ==> Executing Baseline adaptation over 100 iterations on 20 shot tasks...
[src.methods.baseline]: [INFO]:  ==> Executing Baseline adaptation over 100 iterations on 20 shot tasks...
[src.methods.baseline]: [INFO]:  ==> Executing Baseline adaptation over 100 iterations on 20 shot tasks...
[src.methods.baseline]: [INFO]:  ==> Executing Baseline adaptation over 100 iterations on 20 shot tasks...
[src.methods.baseline]: [INFO]:  ==> Executing Baseline adaptation over 100 iterations on 20 shot tasks...
[src.methods.baseline]: [INFO]:  ==> Executing Baseline adaptation over 100 iterations on 20 shot tasks...
[src.methods.baseline]: [INFO]:  ==> Executing Baseline adaptation over 100 iterations on 20 shot tasks...
[src.methods.baseline]: [INFO]:  ==> Executing Baseline adaptation over 100 iterations on 20 shot tasks...
[src.methods.baseline]: [INFO]:  ==> Executing Baseline adaptation over 100 iterations on 20 shot tasks...
[src.eval]: [INFO]: ----- Final test results -----
[src.eval]: [INFO]: 1-shot mean test accuracy over 10000 tasks: 0.7929242849349976
[src.eval]: [INFO]: 1-shot mean hungarian accuracy over 10000 tasks: 0.850367142857143
[src.eval]: [INFO]: 5-shot mean test accuracy over 10000 tasks: 0.9208770990371704
[src.eval]: [INFO]: 5-shot mean hungarian accuracy over 10000 tasks: 0.9214173571428572
[src.eval]: [INFO]: 10-shot mean test accuracy over 10000 tasks: 0.9408556818962097
[src.eval]: [INFO]: 10-shot mean hungarian accuracy over 10000 tasks: 0.9408005000000002
[src.eval]: [INFO]: 20-shot mean test accuracy over 10000 tasks: 0.950812816619873
[src.eval]: [INFO]: 20-shot mean hungarian accuracy over 10000 tasks: 0.9505861428571428
