[__main__]: [INFO]: => Creating model 'resnet18'
[__main__]: [INFO]: Number of model parameters: 11201664
[src.eval]: [INFO]: => Runnning full evaluation with method: Baseline
[src.eval]: [INFO]:  ==> Features loaded from checkpoints/mini/softmax/resnet18/best/test/output_mean.plk
[src.methods.baseline]: [INFO]:  ==> Executing Baseline adaptation over 100 iterations on 1 shot tasks...
[src.methods.baseline]: [INFO]:  ==> Executing Baseline adaptation over 100 iterations on 1 shot tasks...
[src.methods.baseline]: [INFO]:  ==> Executing Baseline adaptation over 100 iterations on 1 shot tasks...
[src.methods.baseline]: [INFO]:  ==> Executing Baseline adaptation over 100 iterations on 1 shot tasks...
[src.methods.baseline]: [INFO]:  ==> Executing Baseline adaptation over 100 iterations on 1 shot tasks...
[src.methods.baseline]: [INFO]:  ==> Executing Baseline adaptation over 100 iterations on 1 shot tasks...
[src.methods.baseline]: [INFO]:  ==> Executing Baseline adaptation over 100 iterations on 1 shot tasks...
[src.methods.baseline]: [INFO]:  ==> Executing Baseline adaptation over 100 iterations on 1 shot tasks...
[src.methods.baseline]: [INFO]:  ==> Executing Baseline adaptation over 100 iterations on 1 shot tasks...
[src.methods.baseline]: [INFO]:  ==> Executing Baseline adaptation over 100 iterations on 1 shot tasks...
[src.methods.baseline]: [INFO]:  ==> Executing Baseline adaptation over 100 iterations on 5 shot tasks...
[src.methods.baseline]: [INFO]:  ==> Executing Baseline adaptation over 100 iterations on 5 shot tasks...
[src.methods.baseline]: [INFO]:  ==> Executing Baseline adaptation over 100 iterations on 5 shot tasks...
[src.methods.baseline]: [INFO]:  ==> Executing Baseline adaptation over 100 iterations on 5 shot tasks...
[src.methods.baseline]: [INFO]:  ==> Executing Baseline adaptation over 100 iterations on 5 shot tasks...
[src.methods.baseline]: [INFO]:  ==> Executing Baseline adaptation over 100 iterations on 5 shot tasks...
[src.methods.baseline]: [INFO]:  ==> Executing Baseline adaptation over 100 iterations on 5 shot tasks...
[src.methods.baseline]: [INFO]:  ==> Executing Baseline adaptation over 100 iterations on 5 shot tasks...
[src.methods.baseline]: [INFO]:  ==> Executing Baseline adaptation over 100 iterations on 5 shot tasks...
[src.methods.baseline]: [INFO]:  ==> Executing Baseline adaptation over 100 iterations on 5 shot tasks...
[src.methods.baseline]: [INFO]:  ==> Executing Baseline adaptation over 100 iterations on 10 shot tasks...
[src.methods.baseline]: [INFO]:  ==> Executing Baseline adaptation over 100 iterations on 10 shot tasks...
[src.methods.baseline]: [INFO]:  ==> Executing Baseline adaptation over 100 iterations on 10 shot tasks...
[src.methods.baseline]: [INFO]:  ==> Executing Baseline adaptation over 100 iterations on 10 shot tasks...
[src.methods.baseline]: [INFO]:  ==> Executing Baseline adaptation over 100 iterations on 10 shot tasks...
[src.methods.baseline]: [INFO]:  ==> Executing Baseline adaptation over 100 iterations on 10 shot tasks...
[src.methods.baseline]: [INFO]:  ==> Executing Baseline adaptation over 100 iterations on 10 shot tasks...
[src.methods.baseline]: [INFO]:  ==> Executing Baseline adaptation over 100 iterations on 10 shot tasks...
[src.methods.baseline]: [INFO]:  ==> Executing Baseline adaptation over 100 iterations on 10 shot tasks...
[src.methods.baseline]: [INFO]:  ==> Executing Baseline adaptation over 100 iterations on 10 shot tasks...
[src.methods.baseline]: [INFO]:  ==> Executing Baseline adaptation over 100 iterations on 20 shot tasks...
[src.methods.baseline]: [INFO]:  ==> Executing Baseline adaptation over 100 iterations on 20 shot tasks...
[src.methods.baseline]: [INFO]:  ==> Executing Baseline adaptation over 100 iterations on 20 shot tasks...
[src.methods.baseline]: [INFO]:  ==> Executing Baseline adaptation over 100 iterations on 20 shot tasks...
[src.methods.baseline]: [INFO]:  ==> Executing Baseline adaptation over 100 iterations on 20 shot tasks...
[src.methods.baseline]: [INFO]:  ==> Executing Baseline adaptation over 100 iterations on 20 shot tasks...
[src.methods.baseline]: [INFO]:  ==> Executing Baseline adaptation over 100 iterations on 20 shot tasks...
[src.methods.baseline]: [INFO]:  ==> Executing Baseline adaptation over 100 iterations on 20 shot tasks...
[src.methods.baseline]: [INFO]:  ==> Executing Baseline adaptation over 100 iterations on 20 shot tasks...
[src.methods.baseline]: [INFO]:  ==> Executing Baseline adaptation over 100 iterations on 20 shot tasks...
[src.eval]: [INFO]: ----- Final test results -----
[src.eval]: [INFO]: 1-shot mean test accuracy over 10000 tasks: 0.7927056550979614
[src.eval]: [INFO]: 1-shot mean hungarian accuracy over 10000 tasks: 0.8503057142857143
[src.eval]: [INFO]: 5-shot mean test accuracy over 10000 tasks: 0.9209227561950684
[src.eval]: [INFO]: 5-shot mean hungarian accuracy over 10000 tasks: 0.9214751285714288
[src.eval]: [INFO]: 10-shot mean test accuracy over 10000 tasks: 0.9408028721809387
[src.eval]: [INFO]: 10-shot mean hungarian accuracy over 10000 tasks: 0.9407451714285713
[src.eval]: [INFO]: 20-shot mean test accuracy over 10000 tasks: 0.9507828950881958
[src.eval]: [INFO]: 20-shot mean hungarian accuracy over 10000 tasks: 0.9505535428571431
