[__main__]: [INFO]: => Creating model 'resnet18'
[__main__]: [INFO]: Number of model parameters: 11201664
[src.eval]: [INFO]: => Runnning full evaluation with method: ALPHA-TIM
[src.eval]: [INFO]:  ==> Features loaded from checkpoints/mini/softmax/resnet18/best/test/output_mean.plk
[src.methods.tim]: [INFO]:  ==> Executing ALPHA-TIM adaptation over 1000 iterations on 1 shot tasks ...
[src.methods.tim]: [INFO]:  ==> Executing ALPHA-TIM adaptation over 1000 iterations on 1 shot tasks ...
[src.methods.tim]: [INFO]:  ==> Executing ALPHA-TIM adaptation over 1000 iterations on 1 shot tasks ...
[src.methods.tim]: [INFO]:  ==> Executing ALPHA-TIM adaptation over 1000 iterations on 1 shot tasks ...
[src.methods.tim]: [INFO]:  ==> Executing ALPHA-TIM adaptation over 1000 iterations on 1 shot tasks ...
[src.methods.tim]: [INFO]:  ==> Executing ALPHA-TIM adaptation over 1000 iterations on 1 shot tasks ...
[src.methods.tim]: [INFO]:  ==> Executing ALPHA-TIM adaptation over 1000 iterations on 1 shot tasks ...
[src.methods.tim]: [INFO]:  ==> Executing ALPHA-TIM adaptation over 1000 iterations on 1 shot tasks ...
[src.methods.tim]: [INFO]:  ==> Executing ALPHA-TIM adaptation over 1000 iterations on 1 shot tasks ...
[src.methods.tim]: [INFO]:  ==> Executing ALPHA-TIM adaptation over 1000 iterations on 1 shot tasks ...
[src.methods.tim]: [INFO]:  ==> Executing ALPHA-TIM adaptation over 1000 iterations on 5 shot tasks ...
[src.methods.tim]: [INFO]:  ==> Executing ALPHA-TIM adaptation over 1000 iterations on 5 shot tasks ...
[src.methods.tim]: [INFO]:  ==> Executing ALPHA-TIM adaptation over 1000 iterations on 5 shot tasks ...
[src.methods.tim]: [INFO]:  ==> Executing ALPHA-TIM adaptation over 1000 iterations on 5 shot tasks ...
[src.methods.tim]: [INFO]:  ==> Executing ALPHA-TIM adaptation over 1000 iterations on 5 shot tasks ...
[src.methods.tim]: [INFO]:  ==> Executing ALPHA-TIM adaptation over 1000 iterations on 5 shot tasks ...
[src.methods.tim]: [INFO]:  ==> Executing ALPHA-TIM adaptation over 1000 iterations on 5 shot tasks ...
[src.methods.tim]: [INFO]:  ==> Executing ALPHA-TIM adaptation over 1000 iterations on 5 shot tasks ...
[src.methods.tim]: [INFO]:  ==> Executing ALPHA-TIM adaptation over 1000 iterations on 5 shot tasks ...
[src.methods.tim]: [INFO]:  ==> Executing ALPHA-TIM adaptation over 1000 iterations on 5 shot tasks ...
[src.methods.tim]: [INFO]:  ==> Executing ALPHA-TIM adaptation over 1000 iterations on 10 shot tasks ...
[src.methods.tim]: [INFO]:  ==> Executing ALPHA-TIM adaptation over 1000 iterations on 10 shot tasks ...
[src.methods.tim]: [INFO]:  ==> Executing ALPHA-TIM adaptation over 1000 iterations on 10 shot tasks ...
[src.methods.tim]: [INFO]:  ==> Executing ALPHA-TIM adaptation over 1000 iterations on 10 shot tasks ...
[src.methods.tim]: [INFO]:  ==> Executing ALPHA-TIM adaptation over 1000 iterations on 10 shot tasks ...
[src.methods.tim]: [INFO]:  ==> Executing ALPHA-TIM adaptation over 1000 iterations on 10 shot tasks ...
[src.methods.tim]: [INFO]:  ==> Executing ALPHA-TIM adaptation over 1000 iterations on 10 shot tasks ...
[src.methods.tim]: [INFO]:  ==> Executing ALPHA-TIM adaptation over 1000 iterations on 10 shot tasks ...
[src.methods.tim]: [INFO]:  ==> Executing ALPHA-TIM adaptation over 1000 iterations on 10 shot tasks ...
[src.methods.tim]: [INFO]:  ==> Executing ALPHA-TIM adaptation over 1000 iterations on 10 shot tasks ...
[src.methods.tim]: [INFO]:  ==> Executing ALPHA-TIM adaptation over 1000 iterations on 20 shot tasks ...
[src.methods.tim]: [INFO]:  ==> Executing ALPHA-TIM adaptation over 1000 iterations on 20 shot tasks ...
[src.methods.tim]: [INFO]:  ==> Executing ALPHA-TIM adaptation over 1000 iterations on 20 shot tasks ...
[src.methods.tim]: [INFO]:  ==> Executing ALPHA-TIM adaptation over 1000 iterations on 20 shot tasks ...
[src.methods.tim]: [INFO]:  ==> Executing ALPHA-TIM adaptation over 1000 iterations on 20 shot tasks ...
[src.methods.tim]: [INFO]:  ==> Executing ALPHA-TIM adaptation over 1000 iterations on 20 shot tasks ...
[src.methods.tim]: [INFO]:  ==> Executing ALPHA-TIM adaptation over 1000 iterations on 20 shot tasks ...
[src.methods.tim]: [INFO]:  ==> Executing ALPHA-TIM adaptation over 1000 iterations on 20 shot tasks ...
[src.methods.tim]: [INFO]:  ==> Executing ALPHA-TIM adaptation over 1000 iterations on 20 shot tasks ...
[src.methods.tim]: [INFO]:  ==> Executing ALPHA-TIM adaptation over 1000 iterations on 20 shot tasks ...
[src.eval]: [INFO]: ----- Final test results -----
[src.eval]: [INFO]: 1-shot mean test accuracy over 10000 tasks: 0.7523428797721863
[src.eval]: [INFO]: 1-shot mean hungarian accuracy over 10000 tasks: 0.758357142857143
[src.eval]: [INFO]: 5-shot mean test accuracy over 10000 tasks: 0.8832271695137024
[src.eval]: [INFO]: 5-shot mean hungarian accuracy over 10000 tasks: 0.8836557142857144
[src.eval]: [INFO]: 10-shot mean test accuracy over 10000 tasks: 0.9024370908737183
[src.eval]: [INFO]: 10-shot mean hungarian accuracy over 10000 tasks: 0.9024685714285713
[src.eval]: [INFO]: 20-shot mean test accuracy over 10000 tasks: 0.9157199859619141
[src.eval]: [INFO]: 20-shot mean hungarian accuracy over 10000 tasks: 0.9157200000000003
