[__main__]: [INFO]: => Creating model 'resnet18'
[__main__]: [INFO]: Number of model parameters: 11201664
[src.eval]: [INFO]: => Runnning full evaluation with method: LaplacianShot
[src.eval]: [INFO]:  ==> Features loaded from checkpoints/mini/softmax/resnet18/best/test/output_mean.plk
[src.methods.laplacianshot]: [INFO]:  ==> Executing 1-shot predictions with lmd = 0.7 ...
[src.methods.laplacianshot]: [INFO]:  ==> Executing 1-shot predictions with lmd = 0.7 ...
[src.methods.laplacianshot]: [INFO]:  ==> Executing 1-shot predictions with lmd = 0.7 ...
[src.methods.laplacianshot]: [INFO]:  ==> Executing 1-shot predictions with lmd = 0.7 ...
[src.methods.laplacianshot]: [INFO]:  ==> Executing 1-shot predictions with lmd = 0.7 ...
[src.methods.laplacianshot]: [INFO]:  ==> Executing 1-shot predictions with lmd = 0.7 ...
[src.methods.laplacianshot]: [INFO]:  ==> Executing 1-shot predictions with lmd = 0.7 ...
[src.methods.laplacianshot]: [INFO]:  ==> Executing 1-shot predictions with lmd = 0.7 ...
[src.methods.laplacianshot]: [INFO]:  ==> Executing 1-shot predictions with lmd = 0.7 ...
[src.methods.laplacianshot]: [INFO]:  ==> Executing 1-shot predictions with lmd = 0.7 ...
[src.methods.laplacianshot]: [INFO]:  ==> Executing 5-shot predictions with lmd = 0.7 ...
[src.methods.laplacianshot]: [INFO]:  ==> Executing 5-shot predictions with lmd = 0.7 ...
[src.methods.laplacianshot]: [INFO]:  ==> Executing 5-shot predictions with lmd = 0.7 ...
[src.methods.laplacianshot]: [INFO]:  ==> Executing 5-shot predictions with lmd = 0.7 ...
[src.methods.laplacianshot]: [INFO]:  ==> Executing 5-shot predictions with lmd = 0.7 ...
[src.methods.laplacianshot]: [INFO]:  ==> Executing 5-shot predictions with lmd = 0.7 ...
[src.methods.laplacianshot]: [INFO]:  ==> Executing 5-shot predictions with lmd = 0.7 ...
[src.methods.laplacianshot]: [INFO]:  ==> Executing 5-shot predictions with lmd = 0.7 ...
[src.methods.laplacianshot]: [INFO]:  ==> Executing 5-shot predictions with lmd = 0.7 ...
[src.methods.laplacianshot]: [INFO]:  ==> Executing 5-shot predictions with lmd = 0.7 ...
[src.methods.laplacianshot]: [INFO]:  ==> Executing 10-shot predictions with lmd = 0.7 ...
[src.methods.laplacianshot]: [INFO]:  ==> Executing 10-shot predictions with lmd = 0.7 ...
[src.methods.laplacianshot]: [INFO]:  ==> Executing 10-shot predictions with lmd = 0.7 ...
[src.methods.laplacianshot]: [INFO]:  ==> Executing 10-shot predictions with lmd = 0.7 ...
[src.methods.laplacianshot]: [INFO]:  ==> Executing 10-shot predictions with lmd = 0.7 ...
[src.methods.laplacianshot]: [INFO]:  ==> Executing 10-shot predictions with lmd = 0.7 ...
[src.methods.laplacianshot]: [INFO]:  ==> Executing 10-shot predictions with lmd = 0.7 ...
[src.methods.laplacianshot]: [INFO]:  ==> Executing 10-shot predictions with lmd = 0.7 ...
[src.methods.laplacianshot]: [INFO]:  ==> Executing 10-shot predictions with lmd = 0.7 ...
[src.methods.laplacianshot]: [INFO]:  ==> Executing 10-shot predictions with lmd = 0.7 ...
[src.methods.laplacianshot]: [INFO]:  ==> Executing 20-shot predictions with lmd = 0.7 ...
[src.methods.laplacianshot]: [INFO]:  ==> Executing 20-shot predictions with lmd = 0.7 ...
[src.methods.laplacianshot]: [INFO]:  ==> Executing 20-shot predictions with lmd = 0.7 ...
[src.methods.laplacianshot]: [INFO]:  ==> Executing 20-shot predictions with lmd = 0.7 ...
[src.methods.laplacianshot]: [INFO]:  ==> Executing 20-shot predictions with lmd = 0.7 ...
[src.methods.laplacianshot]: [INFO]:  ==> Executing 20-shot predictions with lmd = 0.7 ...
[src.methods.laplacianshot]: [INFO]:  ==> Executing 20-shot predictions with lmd = 0.7 ...
[src.methods.laplacianshot]: [INFO]:  ==> Executing 20-shot predictions with lmd = 0.7 ...
[src.methods.laplacianshot]: [INFO]:  ==> Executing 20-shot predictions with lmd = 0.7 ...
[src.methods.laplacianshot]: [INFO]:  ==> Executing 20-shot predictions with lmd = 0.7 ...
[src.eval]: [INFO]: ----- Final test results -----
[src.eval]: [INFO]: 1-shot mean test accuracy over 10000 tasks: 0.8897985219955444
[src.eval]: [INFO]: 1-shot mean hungarian accuracy over 10000 tasks: 0.9146127700805664
[src.eval]: [INFO]: 5-shot mean test accuracy over 10000 tasks: 0.9653941988945007
[src.eval]: [INFO]: 5-shot mean hungarian accuracy over 10000 tasks: 0.9661428332328796
[src.eval]: [INFO]: 10-shot mean test accuracy over 10000 tasks: 0.9759270548820496
[src.eval]: [INFO]: 10-shot mean hungarian accuracy over 10000 tasks: 0.9760614633560181
[src.eval]: [INFO]: 20-shot mean test accuracy over 10000 tasks: 0.9795671701431274
[src.eval]: [INFO]: 20-shot mean hungarian accuracy over 10000 tasks: 0.9795985221862793
