[__main__]: [INFO]: => Creating model 'resnet18'
[__main__]: [INFO]: Number of model parameters: 11201664
[src.eval]: [INFO]: => Runnning full evaluation with method: LaplacianShot
[src.eval]: [INFO]:  ==> Features loaded from checkpoints/mini/softmax/resnet18/best/test/output_mean.plk
[src.methods.laplacianshot]: [INFO]:  ==> Executing 1-shot predictions with lmd = 0.7 ...
[src.methods.laplacianshot]: [INFO]:  ==> Executing 1-shot predictions with lmd = 0.7 ...
[src.methods.laplacianshot]: [INFO]:  ==> Executing 1-shot predictions with lmd = 0.7 ...
[src.methods.laplacianshot]: [INFO]:  ==> Executing 1-shot predictions with lmd = 0.7 ...
[src.methods.laplacianshot]: [INFO]:  ==> Executing 1-shot predictions with lmd = 0.7 ...
[src.methods.laplacianshot]: [INFO]:  ==> Executing 1-shot predictions with lmd = 0.7 ...
[src.methods.laplacianshot]: [INFO]:  ==> Executing 1-shot predictions with lmd = 0.7 ...
[src.methods.laplacianshot]: [INFO]:  ==> Executing 1-shot predictions with lmd = 0.7 ...
[src.methods.laplacianshot]: [INFO]:  ==> Executing 1-shot predictions with lmd = 0.7 ...
[src.methods.laplacianshot]: [INFO]:  ==> Executing 1-shot predictions with lmd = 0.7 ...
[src.methods.laplacianshot]: [INFO]:  ==> Executing 5-shot predictions with lmd = 0.7 ...
[src.methods.laplacianshot]: [INFO]:  ==> Executing 5-shot predictions with lmd = 0.7 ...
[src.methods.laplacianshot]: [INFO]:  ==> Executing 5-shot predictions with lmd = 0.7 ...
[src.methods.laplacianshot]: [INFO]:  ==> Executing 5-shot predictions with lmd = 0.7 ...
[src.methods.laplacianshot]: [INFO]:  ==> Executing 5-shot predictions with lmd = 0.7 ...
[src.methods.laplacianshot]: [INFO]:  ==> Executing 5-shot predictions with lmd = 0.7 ...
[src.methods.laplacianshot]: [INFO]:  ==> Executing 5-shot predictions with lmd = 0.7 ...
[src.methods.laplacianshot]: [INFO]:  ==> Executing 5-shot predictions with lmd = 0.7 ...
[src.methods.laplacianshot]: [INFO]:  ==> Executing 5-shot predictions with lmd = 0.7 ...
[src.methods.laplacianshot]: [INFO]:  ==> Executing 5-shot predictions with lmd = 0.7 ...
[src.methods.laplacianshot]: [INFO]:  ==> Executing 10-shot predictions with lmd = 0.7 ...
[src.methods.laplacianshot]: [INFO]:  ==> Executing 10-shot predictions with lmd = 0.7 ...
[src.methods.laplacianshot]: [INFO]:  ==> Executing 10-shot predictions with lmd = 0.7 ...
[src.methods.laplacianshot]: [INFO]:  ==> Executing 10-shot predictions with lmd = 0.7 ...
[src.methods.laplacianshot]: [INFO]:  ==> Executing 10-shot predictions with lmd = 0.7 ...
[src.methods.laplacianshot]: [INFO]:  ==> Executing 10-shot predictions with lmd = 0.7 ...
[src.methods.laplacianshot]: [INFO]:  ==> Executing 10-shot predictions with lmd = 0.7 ...
[src.methods.laplacianshot]: [INFO]:  ==> Executing 10-shot predictions with lmd = 0.7 ...
[src.methods.laplacianshot]: [INFO]:  ==> Executing 10-shot predictions with lmd = 0.7 ...
[src.methods.laplacianshot]: [INFO]:  ==> Executing 10-shot predictions with lmd = 0.7 ...
[src.methods.laplacianshot]: [INFO]:  ==> Executing 20-shot predictions with lmd = 0.7 ...
[src.methods.laplacianshot]: [INFO]:  ==> Executing 20-shot predictions with lmd = 0.7 ...
[src.methods.laplacianshot]: [INFO]:  ==> Executing 20-shot predictions with lmd = 0.7 ...
[src.methods.laplacianshot]: [INFO]:  ==> Executing 20-shot predictions with lmd = 0.7 ...
[src.methods.laplacianshot]: [INFO]:  ==> Executing 20-shot predictions with lmd = 0.7 ...
[src.methods.laplacianshot]: [INFO]:  ==> Executing 20-shot predictions with lmd = 0.7 ...
[src.methods.laplacianshot]: [INFO]:  ==> Executing 20-shot predictions with lmd = 0.7 ...
[src.methods.laplacianshot]: [INFO]:  ==> Executing 20-shot predictions with lmd = 0.7 ...
[src.methods.laplacianshot]: [INFO]:  ==> Executing 20-shot predictions with lmd = 0.7 ...
[src.methods.laplacianshot]: [INFO]:  ==> Executing 20-shot predictions with lmd = 0.7 ...
[src.eval]: [INFO]: ----- Final test results -----
[src.eval]: [INFO]: 1-shot mean test accuracy over 10000 tasks: 0.8875799179077148
[src.eval]: [INFO]: 1-shot mean hungarian accuracy over 10000 tasks: 0.9144943356513977
[src.eval]: [INFO]: 5-shot mean test accuracy over 10000 tasks: 0.9631942510604858
[src.eval]: [INFO]: 5-shot mean hungarian accuracy over 10000 tasks: 0.9639742970466614
[src.eval]: [INFO]: 10-shot mean test accuracy over 10000 tasks: 0.9737399816513062
[src.eval]: [INFO]: 10-shot mean hungarian accuracy over 10000 tasks: 0.9738828539848328
[src.eval]: [INFO]: 20-shot mean test accuracy over 10000 tasks: 0.9778956174850464
[src.eval]: [INFO]: 20-shot mean hungarian accuracy over 10000 tasks: 0.9779185056686401
